# JRE version: Java(TM) SE Runtime Environment (8.0_131-b11) (build 1.8.0_131-b11)
# Java VM: Java HotSpot(TM) 64-Bit Server VM (25.131-b11 mixed mode windows-amd64 compressed oops)
Heap:
 PSYoungGen      total 169472K, used 95862K [0x00000000eb100000, 0x00000000f6500000, 0x0000000100000000)
  eden space 166400K, 55% used [0x00000000eb100000,0x00000000f0b9f988,0x00000000f5380000)
  from space 3072K, 99% used [0x00000000f5380000,0x00000000f567e020,0x00000000f5680000)
  to   space 4096K, 0% used [0x00000000f6100000,0x00000000f6100000,0x00000000f6500000)
 ParOldGen       total 64000K, used 38476K [0x00000000c1200000, 0x00000000c5080000, 0x00000000eb100000)
  object space 64000K, 60% used [0x00000000c1200000,0x00000000c37933a0,0x00000000c5080000)
 Metaspace       used 20642K, capacity 20908K, committed 21248K, reserved 1069056K
  class space    used 2437K, capacity 2523K, committed 2560K, reserved 1048576K
GC Heap History (10 events):
Event: 44.385 GC heap before
{Heap before GC invocations=63 (full 2):
 PSYoungGen      total 151552K, used 150528K [0x00000000eb100000, 0x00000000f4800000, 0x0000000100000000)
  eden space 149504K, 100% used [0x00000000eb100000,0x00000000f4300000,0x00000000f4300000)
  from space 2048K, 50% used [0x00000000f4600000,0x00000000f4700000,0x00000000f4800000)
  to   space 2560K, 0% used [0x00000000f4300000,0x00000000f4300000,0x00000000f4580000)
 ParOldGen       total 64000K, used 33777K [0x00000000c1200000, 0x00000000c5080000, 0x00000000eb100000)
  object space 64000K, 52% used [0x00000000c1200000,0x00000000c32fc520,0x00000000c5080000)
 Metaspace       used 20520K, capacity 20780K, committed 20992K, reserved 1067008K
  class space    used 2437K, capacity 2523K, committed 2560K, reserved 1048576K
Event: 44.390 GC heap after
Heap after GC invocations=63 (full 2):
 PSYoungGen      total 152064K, used 1616K [0x00000000eb100000, 0x00000000f5080000, 0x0000000100000000)
  eden space 149504K, 0% used [0x00000000eb100000,0x00000000eb100000,0x00000000f4300000)
  from space 2560K, 63% used [0x00000000f4300000,0x00000000f4494050,0x00000000f4580000)
  to   space 3072K, 0% used [0x00000000f4d80000,0x00000000f4d80000,0x00000000f5080000)
 ParOldGen       total 64000K, used 35609K [0x00000000c1200000, 0x00000000c5080000, 0x00000000eb100000)
  object space 64000K, 55% used [0x00000000c1200000,0x00000000c34c6530,0x00000000c5080000)
 Metaspace       used 20520K, capacity 20780K, committed 20992K, reserved 1067008K
  class space    used 2437K, capacity 2523K, committed 2560K, reserved 1048576K
}
Event: 45.068 GC heap before
{Heap before GC invocations=64 (full 2):
 PSYoungGen      total 152064K, used 151120K [0x00000000eb100000, 0x00000000f5080000, 0x0000000100000000)
  eden space 149504K, 100% used [0x00000000eb100000,0x00000000f4300000,0x00000000f4300000)
  from space 2560K, 63% used [0x00000000f4300000,0x00000000f4494050,0x00000000f4580000)
  to   space 3072K, 0% used [0x00000000f4d80000,0x00000000f4d80000,0x00000000f5080000)
 ParOldGen       total 64000K, used 35609K [0x00000000c1200000, 0x00000000c5080000, 0x00000000eb100000)
  object space 64000K, 55% used [0x00000000c1200000,0x00000000c34c6530,0x00000000c5080000)
 Metaspace       used 20520K, capacity 20780K, committed 20992K, reserved 1067008K
  class space    used 2437K, capacity 2523K, committed 2560K, reserved 1048576K
Event: 45.072 GC heap after
Heap after GC invocations=64 (full 2):
 PSYoungGen      total 160256K, used 1392K [0x00000000eb100000, 0x00000000f5000000, 0x0000000100000000)
  eden space 157696K, 0% used [0x00000000eb100000,0x00000000eb100000,0x00000000f4b00000)
  from space 2560K, 54% used [0x00000000f4d80000,0x00000000f4edc010,0x00000000f5000000)
  to   space 2560K, 0% used [0x00000000f4b00000,0x00000000f4b00000,0x00000000f4d80000)
 ParOldGen       total 64000K, used 35609K [0x00000000c1200000, 0x00000000c5080000, 0x00000000eb100000)
  object space 64000K, 55% used [0x00000000c1200000,0x00000000c34c6530,0x00000000c5080000)
 Metaspace       used 20520K, capacity 20780K, committed 20992K, reserved 1067008K
  class space    used 2437K, capacity 2523K, committed 2560K, reserved 1048576K
}
Event: 46.007 GC heap before
{Heap before GC invocations=65 (full 2):
 PSYoungGen      total 160256K, used 159088K [0x00000000eb100000, 0x00000000f5000000, 0x0000000100000000)
  eden space 157696K, 100% used [0x00000000eb100000,0x00000000f4b00000,0x00000000f4b00000)
  from space 2560K, 54% used [0x00000000f4d80000,0x00000000f4edc010,0x00000000f5000000)
  to   space 2560K, 0% used [0x00000000f4b00000,0x00000000f4b00000,0x00000000f4d80000)
 ParOldGen       total 64000K, used 35609K [0x00000000c1200000, 0x00000000c5080000, 0x00000000eb100000)
  object space 64000K, 55% used [0x00000000c1200000,0x00000000c34c6530,0x00000000c5080000)
 Metaspace       used 20568K, capacity 20844K, committed 20992K, reserved 1067008K
  class space    used 2437K, capacity 2523K, committed 2560K, reserved 1048576K
Event: 46.013 GC heap after
Heap after GC invocations=65 (full 2):
 PSYoungGen      total 160256K, used 2016K [0x00000000eb100000, 0x00000000f5980000, 0x0000000100000000)
  eden space 157696K, 0% used [0x00000000eb100000,0x00000000eb100000,0x00000000f4b00000)
  from space 2560K, 78% used [0x00000000f4b00000,0x00000000f4cf8040,0x00000000f4d80000)
  to   space 3072K, 0% used [0x00000000f5680000,0x00000000f5680000,0x00000000f5980000)
 ParOldGen       total 64000K, used 37417K [0x00000000c1200000, 0x00000000c5080000, 0x00000000eb100000)
  object space 64000K, 58% used [0x00000000c1200000,0x00000000c368a540,0x00000000c5080000)
 Metaspace       used 20568K, capacity 20844K, committed 20992K, reserved 1067008K
  class space    used 2437K, capacity 2523K, committed 2560K, reserved 1048576K
}
Event: 46.735 GC heap before
{Heap before GC invocations=66 (full 2):
 PSYoungGen      total 160256K, used 159712K [0x00000000eb100000, 0x00000000f5980000, 0x0000000100000000)
  eden space 157696K, 100% used [0x00000000eb100000,0x00000000f4b00000,0x00000000f4b00000)
  from space 2560K, 78% used [0x00000000f4b00000,0x00000000f4cf8040,0x00000000f4d80000)
  to   space 3072K, 0% used [0x00000000f5680000,0x00000000f5680000,0x00000000f5980000)
 ParOldGen       total 64000K, used 37417K [0x00000000c1200000, 0x00000000c5080000, 0x00000000eb100000)
  object space 64000K, 58% used [0x00000000c1200000,0x00000000c368a540,0x00000000c5080000)
 Metaspace       used 20572K, capacity 20844K, committed 20992K, reserved 1067008K
  class space    used 2437K, capacity 2523K, committed 2560K, reserved 1048576K
Event: 46.739 GC heap after
Heap after GC invocations=66 (full 2):
 PSYoungGen      total 169472K, used 1744K [0x00000000eb100000, 0x00000000f5980000, 0x0000000100000000)
  eden space 166400K, 0% used [0x00000000eb100000,0x00000000eb100000,0x00000000f5380000)
  from space 3072K, 56% used [0x00000000f5680000,0x00000000f5834010,0x00000000f5980000)
  to   space 3072K, 0% used [0x00000000f5380000,0x00000000f5380000,0x00000000f5680000)
 ParOldGen       total 64000K, used 37417K [0x00000000c1200000, 0x00000000c5080000, 0x00000000eb100000)
  object space 64000K, 58% used [0x00000000c1200000,0x00000000c368a540,0x00000000c5080000)
 Metaspace       used 20572K, capacity 20844K, committed 20992K, reserved 1067008K
  class space    used 2437K, capacity 2523K, committed 2560K, reserved 1048576K
}
Event: 47.686 GC heap before
{Heap before GC invocations=67 (full 2):
 PSYoungGen      total 169472K, used 168144K [0x00000000eb100000, 0x00000000f5980000, 0x0000000100000000)
  eden space 166400K, 100% used [0x00000000eb100000,0x00000000f5380000,0x00000000f5380000)
  from space 3072K, 56% used [0x00000000f5680000,0x00000000f5834010,0x00000000f5980000)
  to   space 3072K, 0% used [0x00000000f5380000,0x00000000f5380000,0x00000000f5680000)
 ParOldGen       total 64000K, used 37417K [0x00000000c1200000, 0x00000000c5080000, 0x00000000eb100000)
  object space 64000K, 58% used [0x00000000c1200000,0x00000000c368a540,0x00000000c5080000)
 Metaspace       used 20609K, capacity 20844K, committed 20992K, reserved 1067008K
  class space    used 2437K, capacity 2523K, committed 2560K, reserved 1048576K
Event: 47.692 GC heap after
Heap after GC invocations=67 (full 2):
 PSYoungGen      total 169472K, used 3064K [0x00000000eb100000, 0x00000000f6500000, 0x0000000100000000)
  eden space 166400K, 0% used [0x00000000eb100000,0x00000000eb100000,0x00000000f5380000)
  from space 3072K, 99% used [0x00000000f5380000,0x00000000f567e020,0x00000000f5680000)
  to   space 4096K, 0% used [0x00000000f6100000,0x00000000f6100000,0x00000000f6500000)
 ParOldGen       total 64000K, used 38476K [0x00000000c1200000, 0x00000000c5080000, 0x00000000eb100000)
  object space 64000K, 60% used [0x00000000c1200000,0x00000000c37933a0,0x00000000c5080000)
 Metaspace       used 20609K, capacity 20844K, committed 20992K, reserved 1067008K
  class space    used 2437K, capacity 2523K, committed 2560K, reserved 1048576K
}

