# JRE version: Java(TM) SE Runtime Environment (8.0_131-b11) (build 1.8.0_131-b11)
# Java VM: Java HotSpot(TM) 64-Bit Server VM (25.131-b11 mixed mode windows-amd64 compressed oops)
Heap:
 PSYoungGen      total 67584K, used 63139K [0x00000000eb100000, 0x00000000ef500000, 0x0000000100000000)
  eden space 65536K, 96% used [0x00000000eb100000,0x00000000eee88e88,0x00000000ef100000)
  from space 2048K, 6% used [0x00000000ef300000,0x00000000ef320000,0x00000000ef500000)
  to   space 2048K, 0% used [0x00000000ef100000,0x00000000ef100000,0x00000000ef300000)
 ParOldGen       total 59392K, used 30410K [0x00000000c1200000, 0x00000000c4c00000, 0x00000000eb100000)
  object space 59392K, 51% used [0x00000000c1200000,0x00000000c2fb2af0,0x00000000c4c00000)
 Metaspace       used 20546K, capacity 20748K, committed 21120K, reserved 1067008K
  class space    used 2512K, capacity 2575K, committed 2688K, reserved 1048576K
GC Heap History (10 events):
Event: 81.806 GC heap before
{Heap before GC invocations=426 (full 2):
 PSYoungGen      total 57856K, used 54368K [0x00000000eb100000, 0x00000000eed00000, 0x0000000100000000)
  eden space 54272K, 100% used [0x00000000eb100000,0x00000000ee600000,0x00000000ee600000)
  from space 3584K, 2% used [0x00000000ee600000,0x00000000ee618000,0x00000000ee980000)
  to   space 2048K, 0% used [0x00000000eeb00000,0x00000000eeb00000,0x00000000eed00000)
 ParOldGen       total 59392K, used 30331K [0x00000000c1200000, 0x00000000c4c00000, 0x00000000eb100000)
  object space 59392K, 51% used [0x00000000c1200000,0x00000000c2f9ef50,0x00000000c4c00000)
 Metaspace       used 20542K, capacity 20748K, committed 21120K, reserved 1067008K
  class space    used 2512K, capacity 2575K, committed 2688K, reserved 1048576K
Event: 81.808 GC heap after
Heap after GC invocations=426 (full 2):
 PSYoungGen      total 59392K, used 64K [0x00000000eb100000, 0x00000000ef180000, 0x0000000100000000)
  eden space 57344K, 0% used [0x00000000eb100000,0x00000000eb100000,0x00000000ee900000)
  from space 2048K, 3% used [0x00000000eeb00000,0x00000000eeb10000,0x00000000eed00000)
  to   space 2048K, 0% used [0x00000000ee900000,0x00000000ee900000,0x00000000eeb00000)
 ParOldGen       total 59392K, used 30339K [0x00000000c1200000, 0x00000000c4c00000, 0x00000000eb100000)
  object space 59392K, 51% used [0x00000000c1200000,0x00000000c2fa0f50,0x00000000c4c00000)
 Metaspace       used 20542K, capacity 20748K, committed 21120K, reserved 1067008K
  class space    used 2512K, capacity 2575K, committed 2688K, reserved 1048576K
}
Event: 82.052 GC heap before
{Heap before GC invocations=427 (full 2):
 PSYoungGen      total 59392K, used 57408K [0x00000000eb100000, 0x00000000ef180000, 0x0000000100000000)
  eden space 57344K, 100% used [0x00000000eb100000,0x00000000ee900000,0x00000000ee900000)
  from space 2048K, 3% used [0x00000000eeb00000,0x00000000eeb10000,0x00000000eed00000)
  to   space 2048K, 0% used [0x00000000ee900000,0x00000000ee900000,0x00000000eeb00000)
 ParOldGen       total 59392K, used 30339K [0x00000000c1200000, 0x00000000c4c00000, 0x00000000eb100000)
  object space 59392K, 51% used [0x00000000c1200000,0x00000000c2fa0f50,0x00000000c4c00000)
 Metaspace       used 20542K, capacity 20748K, committed 21120K, reserved 1067008K
  class space    used 2512K, capacity 2575K, committed 2688K, reserved 1048576K
Event: 82.053 GC heap after
Heap after GC invocations=427 (full 2):
 PSYoungGen      total 59392K, used 96K [0x00000000eb100000, 0x00000000ef500000, 0x0000000100000000)
  eden space 57344K, 0% used [0x00000000eb100000,0x00000000eb100000,0x00000000ee900000)
  from space 2048K, 4% used [0x00000000ee900000,0x00000000ee918000,0x00000000eeb00000)
  to   space 2048K, 0% used [0x00000000ef300000,0x00000000ef300000,0x00000000ef500000)
 ParOldGen       total 59392K, used 30367K [0x00000000c1200000, 0x00000000c4c00000, 0x00000000eb100000)
  object space 59392K, 51% used [0x00000000c1200000,0x00000000c2fa7d20,0x00000000c4c00000)
 Metaspace       used 20542K, capacity 20748K, committed 21120K, reserved 1067008K
  class space    used 2512K, capacity 2575K, committed 2688K, reserved 1048576K
}
Event: 82.291 GC heap before
{Heap before GC invocations=428 (full 2):
 PSYoungGen      total 59392K, used 57440K [0x00000000eb100000, 0x00000000ef500000, 0x0000000100000000)
  eden space 57344K, 100% used [0x00000000eb100000,0x00000000ee900000,0x00000000ee900000)
  from space 2048K, 4% used [0x00000000ee900000,0x00000000ee918000,0x00000000eeb00000)
  to   space 2048K, 0% used [0x00000000ef300000,0x00000000ef300000,0x00000000ef500000)
 ParOldGen       total 59392K, used 30367K [0x00000000c1200000, 0x00000000c4c00000, 0x00000000eb100000)
  object space 59392K, 51% used [0x00000000c1200000,0x00000000c2fa7d20,0x00000000c4c00000)
 Metaspace       used 20542K, capacity 20748K, committed 21120K, reserved 1067008K
  class space    used 2512K, capacity 2575K, committed 2688K, reserved 1048576K
Event: 82.293 GC heap after
Heap after GC invocations=428 (full 2):
 PSYoungGen      total 67584K, used 64K [0x00000000eb100000, 0x00000000ef500000, 0x0000000100000000)
  eden space 65536K, 0% used [0x00000000eb100000,0x00000000eb100000,0x00000000ef100000)
  from space 2048K, 3% used [0x00000000ef300000,0x00000000ef310000,0x00000000ef500000)
  to   space 2048K, 0% used [0x00000000ef100000,0x00000000ef100000,0x00000000ef300000)
 ParOldGen       total 59392K, used 30367K [0x00000000c1200000, 0x00000000c4c00000, 0x00000000eb100000)
  object space 59392K, 51% used [0x00000000c1200000,0x00000000c2fa7d20,0x00000000c4c00000)
 Metaspace       used 20542K, capacity 20748K, committed 21120K, reserved 1067008K
  class space    used 2512K, capacity 2575K, committed 2688K, reserved 1048576K
}
Event: 82.536 GC heap before
{Heap before GC invocations=429 (full 2):
 PSYoungGen      total 67584K, used 65600K [0x00000000eb100000, 0x00000000ef500000, 0x0000000100000000)
  eden space 65536K, 100% used [0x00000000eb100000,0x00000000ef100000,0x00000000ef100000)
  from space 2048K, 3% used [0x00000000ef300000,0x00000000ef310000,0x00000000ef500000)
  to   space 2048K, 0% used [0x00000000ef100000,0x00000000ef100000,0x00000000ef300000)
 ParOldGen       total 59392K, used 30367K [0x00000000c1200000, 0x00000000c4c00000, 0x00000000eb100000)
  object space 59392K, 51% used [0x00000000c1200000,0x00000000c2fa7d20,0x00000000c4c00000)
 Metaspace       used 20542K, capacity 20748K, committed 21120K, reserved 1067008K
  class space    used 2512K, capacity 2575K, committed 2688K, reserved 1048576K
Event: 82.537 GC heap after
Heap after GC invocations=429 (full 2):
 PSYoungGen      total 67584K, used 96K [0x00000000eb100000, 0x00000000ef500000, 0x0000000100000000)
  eden space 65536K, 0% used [0x00000000eb100000,0x00000000eb100000,0x00000000ef100000)
  from space 2048K, 4% used [0x00000000ef100000,0x00000000ef118000,0x00000000ef300000)
  to   space 2048K, 0% used [0x00000000ef300000,0x00000000ef300000,0x00000000ef500000)
 ParOldGen       total 59392K, used 30394K [0x00000000c1200000, 0x00000000c4c00000, 0x00000000eb100000)
  object space 59392K, 51% used [0x00000000c1200000,0x00000000c2faeaf0,0x00000000c4c00000)
 Metaspace       used 20542K, capacity 20748K, committed 21120K, reserved 1067008K
  class space    used 2512K, capacity 2575K, committed 2688K, reserved 1048576K
}
Event: 82.780 GC heap before
{Heap before GC invocations=430 (full 2):
 PSYoungGen      total 67584K, used 65632K [0x00000000eb100000, 0x00000000ef500000, 0x0000000100000000)
  eden space 65536K, 100% used [0x00000000eb100000,0x00000000ef100000,0x00000000ef100000)
  from space 2048K, 4% used [0x00000000ef100000,0x00000000ef118000,0x00000000ef300000)
  to   space 2048K, 0% used [0x00000000ef300000,0x00000000ef300000,0x00000000ef500000)
 ParOldGen       total 59392K, used 30394K [0x00000000c1200000, 0x00000000c4c00000, 0x00000000eb100000)
  object space 59392K, 51% used [0x00000000c1200000,0x00000000c2faeaf0,0x00000000c4c00000)
 Metaspace       used 20542K, capacity 20748K, committed 21120K, reserved 1067008K
  class space    used 2512K, capacity 2575K, committed 2688K, reserved 1048576K
Event: 82.781 GC heap after
Heap after GC invocations=430 (full 2):
 PSYoungGen      total 67584K, used 128K [0x00000000eb100000, 0x00000000ef500000, 0x0000000100000000)
  eden space 65536K, 0% used [0x00000000eb100000,0x00000000eb100000,0x00000000ef100000)
  from space 2048K, 6% used [0x00000000ef300000,0x00000000ef320000,0x00000000ef500000)
  to   space 2048K, 0% used [0x00000000ef100000,0x00000000ef100000,0x00000000ef300000)
 ParOldGen       total 59392K, used 30410K [0x00000000c1200000, 0x00000000c4c00000, 0x00000000eb100000)
  object space 59392K, 51% used [0x00000000c1200000,0x00000000c2fb2af0,0x00000000c4c00000)
 Metaspace       used 20542K, capacity 20748K, committed 21120K, reserved 1067008K
  class space    used 2512K, capacity 2575K, committed 2688K, reserved 1048576K
}

