# JRE version: Java(TM) SE Runtime Environment (8.0_131-b11) (build 1.8.0_131-b11)
# Java VM: Java HotSpot(TM) 64-Bit Server VM (25.131-b11 mixed mode windows-amd64 compressed oops)
Heap:
 PSYoungGen      total 52224K, used 192K [0x00000000eb100000, 0x00000000ef580000, 0x0000000100000000)
  eden space 51712K, 0% used [0x00000000eb100000,0x00000000eb100000,0x00000000ee380000)
  from space 512K, 37% used [0x00000000ef480000,0x00000000ef4b0000,0x00000000ef500000)
  to   space 512K, 0% used [0x00000000ef500000,0x00000000ef500000,0x00000000ef580000)
 ParOldGen       total 58880K, used 56992K [0x00000000c1200000, 0x00000000c4b80000, 0x00000000eb100000)
  object space 58880K, 96% used [0x00000000c1200000,0x00000000c49a8288,0x00000000c4b80000)
 Metaspace       used 21781K, capacity 22002K, committed 22448K, reserved 1069056K
  class space    used 2646K, capacity 2718K, committed 2816K, reserved 1048576K
GC Heap History (10 events):
Event: 334.961 GC heap after
Heap after GC invocations=1911 (full 4):
 PSYoungGen      total 58880K, used 96K [0x00000000eb100000, 0x00000000ef580000, 0x0000000100000000)
  eden space 58368K, 0% used [0x00000000eb100000,0x00000000eb100000,0x00000000eea00000)
  from space 512K, 18% used [0x00000000ef480000,0x00000000ef498000,0x00000000ef500000)
  to   space 512K, 0% used [0x00000000ef500000,0x00000000ef500000,0x00000000ef580000)
 ParOldGen       total 56832K, used 51440K [0x00000000c1200000, 0x00000000c4980000, 0x00000000eb100000)
  object space 56832K, 90% used [0x00000000c1200000,0x00000000c443c258,0x00000000c4980000)
 Metaspace       used 21744K, capacity 22002K, committed 22448K, reserved 1069056K
  class space    used 2637K, capacity 2718K, committed 2816K, reserved 1048576K
}
Event: 335.199 GC heap before
{Heap before GC invocations=1912 (full 4):
 PSYoungGen      total 58880K, used 58464K [0x00000000eb100000, 0x00000000ef580000, 0x0000000100000000)
  eden space 58368K, 100% used [0x00000000eb100000,0x00000000eea00000,0x00000000eea00000)
  from space 512K, 18% used [0x00000000ef480000,0x00000000ef498000,0x00000000ef500000)
  to   space 512K, 0% used [0x00000000ef500000,0x00000000ef500000,0x00000000ef580000)
 ParOldGen       total 56832K, used 51440K [0x00000000c1200000, 0x00000000c4980000, 0x00000000eb100000)
  object space 56832K, 90% used [0x00000000c1200000,0x00000000c443c258,0x00000000c4980000)
 Metaspace       used 21744K, capacity 22002K, committed 22448K, reserved 1069056K
  class space    used 2637K, capacity 2718K, committed 2816K, reserved 1048576K
Event: 335.201 GC heap after
Heap after GC invocations=1912 (full 4):
 PSYoungGen      total 56832K, used 96K [0x00000000eb100000, 0x00000000ef580000, 0x0000000100000000)
  eden space 56320K, 0% used [0x00000000eb100000,0x00000000eb100000,0x00000000ee800000)
  from space 512K, 18% used [0x00000000ef500000,0x00000000ef518000,0x00000000ef580000)
  to   space 512K, 0% used [0x00000000ef480000,0x00000000ef480000,0x00000000ef500000)
 ParOldGen       total 56832K, used 51456K [0x00000000c1200000, 0x00000000c4980000, 0x00000000eb100000)
  object space 56832K, 90% used [0x00000000c1200000,0x00000000c4440258,0x00000000c4980000)
 Metaspace       used 21744K, capacity 22002K, committed 22448K, reserved 1069056K
  class space    used 2637K, capacity 2718K, committed 2816K, reserved 1048576K
}
Event: 335.425 GC heap before
{Heap before GC invocations=1913 (full 4):
 PSYoungGen      total 56832K, used 56416K [0x00000000eb100000, 0x00000000ef580000, 0x0000000100000000)
  eden space 56320K, 100% used [0x00000000eb100000,0x00000000ee800000,0x00000000ee800000)
  from space 512K, 18% used [0x00000000ef500000,0x00000000ef518000,0x00000000ef580000)
  to   space 512K, 0% used [0x00000000ef480000,0x00000000ef480000,0x00000000ef500000)
 ParOldGen       total 56832K, used 51456K [0x00000000c1200000, 0x00000000c4980000, 0x00000000eb100000)
  object space 56832K, 90% used [0x00000000c1200000,0x00000000c4440258,0x00000000c4980000)
 Metaspace       used 21744K, capacity 22002K, committed 22448K, reserved 1069056K
  class space    used 2637K, capacity 2718K, committed 2816K, reserved 1048576K
Event: 335.427 GC heap after
Heap after GC invocations=1913 (full 4):
 PSYoungGen      total 55296K, used 128K [0x00000000eb100000, 0x00000000ef580000, 0x0000000100000000)
  eden space 54784K, 0% used [0x00000000eb100000,0x00000000eb100000,0x00000000ee680000)
  from space 512K, 25% used [0x00000000ef480000,0x00000000ef4a0000,0x00000000ef500000)
  to   space 512K, 0% used [0x00000000ef500000,0x00000000ef500000,0x00000000ef580000)
 ParOldGen       total 56832K, used 51480K [0x00000000c1200000, 0x00000000c4980000, 0x00000000eb100000)
  object space 56832K, 90% used [0x00000000c1200000,0x00000000c4446258,0x00000000c4980000)
 Metaspace       used 21744K, capacity 22002K, committed 22448K, reserved 1069056K
  class space    used 2637K, capacity 2718K, committed 2816K, reserved 1048576K
}
Event: 335.847 GC heap before
{Heap before GC invocations=1914 (full 4):
 PSYoungGen      total 55296K, used 54912K [0x00000000eb100000, 0x00000000ef580000, 0x0000000100000000)
  eden space 54784K, 100% used [0x00000000eb100000,0x00000000ee680000,0x00000000ee680000)
  from space 512K, 25% used [0x00000000ef480000,0x00000000ef4a0000,0x00000000ef500000)
  to   space 512K, 0% used [0x00000000ef500000,0x00000000ef500000,0x00000000ef580000)
 ParOldGen       total 56832K, used 51480K [0x00000000c1200000, 0x00000000c4980000, 0x00000000eb100000)
  object space 56832K, 90% used [0x00000000c1200000,0x00000000c4446258,0x00000000c4980000)
 Metaspace       used 21764K, capacity 22002K, committed 22448K, reserved 1069056K
  class space    used 2642K, capacity 2718K, committed 2816K, reserved 1048576K
Event: 335.850 GC heap after
Heap after GC invocations=1914 (full 4):
 PSYoungGen      total 53760K, used 192K [0x00000000eb100000, 0x00000000ef580000, 0x0000000100000000)
  eden space 53248K, 0% used [0x00000000eb100000,0x00000000eb100000,0x00000000ee500000)
  from space 512K, 37% used [0x00000000ef500000,0x00000000ef530000,0x00000000ef580000)
  to   space 512K, 0% used [0x00000000ef480000,0x00000000ef480000,0x00000000ef500000)
 ParOldGen       total 56832K, used 51480K [0x00000000c1200000, 0x00000000c4980000, 0x00000000eb100000)
  object space 56832K, 90% used [0x00000000c1200000,0x00000000c4446258,0x00000000c4980000)
 Metaspace       used 21764K, capacity 22002K, committed 22448K, reserved 1069056K
  class space    used 2642K, capacity 2718K, committed 2816K, reserved 1048576K
}
Event: 336.370 GC heap before
{Heap before GC invocations=1915 (full 4):
 PSYoungGen      total 53760K, used 53440K [0x00000000eb100000, 0x00000000ef580000, 0x0000000100000000)
  eden space 53248K, 100% used [0x00000000eb100000,0x00000000ee500000,0x00000000ee500000)
  from space 512K, 37% used [0x00000000ef500000,0x00000000ef530000,0x00000000ef580000)
  to   space 512K, 0% used [0x00000000ef480000,0x00000000ef480000,0x00000000ef500000)
 ParOldGen       total 56832K, used 51480K [0x00000000c1200000, 0x00000000c4980000, 0x00000000eb100000)
  object space 56832K, 90% used [0x00000000c1200000,0x00000000c4446258,0x00000000c4980000)
 Metaspace       used 21781K, capacity 22002K, committed 22448K, reserved 1069056K
  class space    used 2646K, capacity 2718K, committed 2816K, reserved 1048576K
Event: 336.376 GC heap after
Heap after GC invocations=1915 (full 4):
 PSYoungGen      total 52224K, used 192K [0x00000000eb100000, 0x00000000ef580000, 0x0000000100000000)
  eden space 51712K, 0% used [0x00000000eb100000,0x00000000eb100000,0x00000000ee380000)
  from space 512K, 37% used [0x00000000ef480000,0x00000000ef4b0000,0x00000000ef500000)
  to   space 512K, 0% used [0x00000000ef500000,0x00000000ef500000,0x00000000ef580000)
 ParOldGen       total 58880K, used 56992K [0x00000000c1200000, 0x00000000c4b80000, 0x00000000eb100000)
  object space 58880K, 96% used [0x00000000c1200000,0x00000000c49a8288,0x00000000c4b80000)
 Metaspace       used 21781K, capacity 22002K, committed 22448K, reserved 1069056K
  class space    used 2646K, capacity 2718K, committed 2816K, reserved 1048576K
}
Event: 336.376 GC heap before
{Heap before GC invocations=1916 (full 5):
 PSYoungGen      total 52224K, used 192K [0x00000000eb100000, 0x00000000ef580000, 0x0000000100000000)
  eden space 51712K, 0% used [0x00000000eb100000,0x00000000eb100000,0x00000000ee380000)
  from space 512K, 37% used [0x00000000ef480000,0x00000000ef4b0000,0x00000000ef500000)
  to   space 512K, 0% used [0x00000000ef500000,0x00000000ef500000,0x00000000ef580000)
 ParOldGen       total 58880K, used 56992K [0x00000000c1200000, 0x00000000c4b80000, 0x00000000eb100000)
  object space 58880K, 96% used [0x00000000c1200000,0x00000000c49a8288,0x00000000c4b80000)
 Metaspace       used 21781K, capacity 22002K, committed 22448K, reserved 1069056K
  class space    used 2646K, capacity 2718K, committed 2816K, reserved 1048576K

