# JRE version: Java(TM) SE Runtime Environment (8.0_131-b11) (build 1.8.0_131-b11)
# Java VM: Java HotSpot(TM) 64-Bit Server VM (25.131-b11 mixed mode windows-amd64 compressed oops)
Heap:
 PSYoungGen      total 68096K, used 44238K [0x00000000eb100000, 0x00000000f0280000, 0x0000000100000000)
  eden space 52736K, 83% used [0x00000000eb100000,0x00000000edc1b880,0x00000000ee480000)
  from space 15360K, 0% used [0x00000000ee480000,0x00000000ee498000,0x00000000ef380000)
  to   space 14848K, 0% used [0x00000000ef400000,0x00000000ef400000,0x00000000f0280000)
 ParOldGen       total 44032K, used 23749K [0x00000000c1200000, 0x00000000c3d00000, 0x00000000eb100000)
  object space 44032K, 53% used [0x00000000c1200000,0x00000000c29314a8,0x00000000c3d00000)
 Metaspace       used 18718K, capacity 18866K, committed 19200K, reserved 1067008K
  class space    used 2381K, capacity 2444K, committed 2560K, reserved 1048576K
GC Heap History (10 events):
Event: 5.551 GC heap before
{Heap before GC invocations=7 (full 0):
 PSYoungGen      total 35328K, used 35309K [0x00000000eb100000, 0x00000000ed600000, 0x0000000100000000)
  eden space 32768K, 100% used [0x00000000eb100000,0x00000000ed100000,0x00000000ed100000)
  from space 2560K, 99% used [0x00000000ed380000,0x00000000ed5fb580,0x00000000ed600000)
  to   space 2560K, 0% used [0x00000000ed100000,0x00000000ed100000,0x00000000ed380000)
 ParOldGen       total 44032K, used 21114K [0x00000000c1200000, 0x00000000c3d00000, 0x00000000eb100000)
  object space 44032K, 47% used [0x00000000c1200000,0x00000000c269e870,0x00000000c3d00000)
 Metaspace       used 18483K, capacity 18642K, committed 18816K, reserved 1064960K
  class space    used 2357K, capacity 2412K, committed 2432K, reserved 1048576K
Event: 5.559 GC heap after
Heap after GC invocations=7 (full 0):
 PSYoungGen      total 35328K, used 128K [0x00000000eb100000, 0x00000000ed600000, 0x0000000100000000)
  eden space 32768K, 0% used [0x00000000eb100000,0x00000000eb100000,0x00000000ed100000)
  from space 2560K, 5% used [0x00000000ed100000,0x00000000ed120000,0x00000000ed380000)
  to   space 2560K, 0% used [0x00000000ed380000,0x00000000ed380000,0x00000000ed600000)
 ParOldGen       total 44032K, used 23637K [0x00000000c1200000, 0x00000000c3d00000, 0x00000000eb100000)
  object space 44032K, 53% used [0x00000000c1200000,0x00000000c29154a8,0x00000000c3d00000)
 Metaspace       used 18483K, capacity 18642K, committed 18816K, reserved 1064960K
  class space    used 2357K, capacity 2412K, committed 2432K, reserved 1048576K
}
Event: 5.813 GC heap before
{Heap before GC invocations=8 (full 0):
 PSYoungGen      total 35328K, used 32896K [0x00000000eb100000, 0x00000000ed600000, 0x0000000100000000)
  eden space 32768K, 100% used [0x00000000eb100000,0x00000000ed100000,0x00000000ed100000)
  from space 2560K, 5% used [0x00000000ed100000,0x00000000ed120000,0x00000000ed380000)
  to   space 2560K, 0% used [0x00000000ed380000,0x00000000ed380000,0x00000000ed600000)
 ParOldGen       total 44032K, used 23637K [0x00000000c1200000, 0x00000000c3d00000, 0x00000000eb100000)
  object space 44032K, 53% used [0x00000000c1200000,0x00000000c29154a8,0x00000000c3d00000)
 Metaspace       used 18486K, capacity 18642K, committed 18816K, reserved 1064960K
  class space    used 2357K, capacity 2412K, committed 2432K, reserved 1048576K
Event: 5.815 GC heap after
Heap after GC invocations=8 (full 0):
 PSYoungGen      total 35328K, used 128K [0x00000000eb100000, 0x00000000ed600000, 0x0000000100000000)
  eden space 32768K, 0% used [0x00000000eb100000,0x00000000eb100000,0x00000000ed100000)
  from space 2560K, 5% used [0x00000000ed380000,0x00000000ed3a0000,0x00000000ed600000)
  to   space 2560K, 0% used [0x00000000ed100000,0x00000000ed100000,0x00000000ed380000)
 ParOldGen       total 44032K, used 23677K [0x00000000c1200000, 0x00000000c3d00000, 0x00000000eb100000)
  object space 44032K, 53% used [0x00000000c1200000,0x00000000c291f4a8,0x00000000c3d00000)
 Metaspace       used 18486K, capacity 18642K, committed 18816K, reserved 1064960K
  class space    used 2357K, capacity 2412K, committed 2432K, reserved 1048576K
}
Event: 6.046 GC heap before
{Heap before GC invocations=9 (full 0):
 PSYoungGen      total 35328K, used 32896K [0x00000000eb100000, 0x00000000ed600000, 0x0000000100000000)
  eden space 32768K, 100% used [0x00000000eb100000,0x00000000ed100000,0x00000000ed100000)
  from space 2560K, 5% used [0x00000000ed380000,0x00000000ed3a0000,0x00000000ed600000)
  to   space 2560K, 0% used [0x00000000ed100000,0x00000000ed100000,0x00000000ed380000)
 ParOldGen       total 44032K, used 23677K [0x00000000c1200000, 0x00000000c3d00000, 0x00000000eb100000)
  object space 44032K, 53% used [0x00000000c1200000,0x00000000c291f4a8,0x00000000c3d00000)
 Metaspace       used 18486K, capacity 18642K, committed 18816K, reserved 1064960K
  class space    used 2357K, capacity 2412K, committed 2432K, reserved 1048576K
Event: 6.047 GC heap after
Heap after GC invocations=9 (full 0):
 PSYoungGen      total 35328K, used 96K [0x00000000eb100000, 0x00000000f0380000, 0x0000000100000000)
  eden space 32768K, 0% used [0x00000000eb100000,0x00000000eb100000,0x00000000ed100000)
  from space 2560K, 3% used [0x00000000ed100000,0x00000000ed118000,0x00000000ed380000)
  to   space 15872K, 0% used [0x00000000ef400000,0x00000000ef400000,0x00000000f0380000)
 ParOldGen       total 44032K, used 23701K [0x00000000c1200000, 0x00000000c3d00000, 0x00000000eb100000)
  object space 44032K, 53% used [0x00000000c1200000,0x00000000c29254a8,0x00000000c3d00000)
 Metaspace       used 18486K, capacity 18642K, committed 18816K, reserved 1064960K
  class space    used 2357K, capacity 2412K, committed 2432K, reserved 1048576K
}
Event: 6.293 GC heap before
{Heap before GC invocations=10 (full 0):
 PSYoungGen      total 35328K, used 32864K [0x00000000eb100000, 0x00000000f0380000, 0x0000000100000000)
  eden space 32768K, 100% used [0x00000000eb100000,0x00000000ed100000,0x00000000ed100000)
  from space 2560K, 3% used [0x00000000ed100000,0x00000000ed118000,0x00000000ed380000)
  to   space 15872K, 0% used [0x00000000ef400000,0x00000000ef400000,0x00000000f0380000)
 ParOldGen       total 44032K, used 23701K [0x00000000c1200000, 0x00000000c3d00000, 0x00000000eb100000)
  object space 44032K, 53% used [0x00000000c1200000,0x00000000c29254a8,0x00000000c3d00000)
 Metaspace       used 18628K, capacity 18802K, committed 19200K, reserved 1067008K
  class space    used 2380K, capacity 2444K, committed 2560K, reserved 1048576K
Event: 6.295 GC heap after
Heap after GC invocations=10 (full 0):
 PSYoungGen      total 67584K, used 160K [0x00000000eb100000, 0x00000000f0280000, 0x0000000100000000)
  eden space 52736K, 0% used [0x00000000eb100000,0x00000000eb100000,0x00000000ee480000)
  from space 14848K, 1% used [0x00000000ef400000,0x00000000ef428000,0x00000000f0280000)
  to   space 15360K, 0% used [0x00000000ee480000,0x00000000ee480000,0x00000000ef380000)
 ParOldGen       total 44032K, used 23717K [0x00000000c1200000, 0x00000000c3d00000, 0x00000000eb100000)
  object space 44032K, 53% used [0x00000000c1200000,0x00000000c29294a8,0x00000000c3d00000)
 Metaspace       used 18628K, capacity 18802K, committed 19200K, reserved 1067008K
  class space    used 2380K, capacity 2444K, committed 2560K, reserved 1048576K
}
Event: 6.695 GC heap before
{Heap before GC invocations=11 (full 0):
 PSYoungGen      total 67584K, used 52896K [0x00000000eb100000, 0x00000000f0280000, 0x0000000100000000)
  eden space 52736K, 100% used [0x00000000eb100000,0x00000000ee480000,0x00000000ee480000)
  from space 14848K, 1% used [0x00000000ef400000,0x00000000ef428000,0x00000000f0280000)
  to   space 15360K, 0% used [0x00000000ee480000,0x00000000ee480000,0x00000000ef380000)
 ParOldGen       total 44032K, used 23717K [0x00000000c1200000, 0x00000000c3d00000, 0x00000000eb100000)
  object space 44032K, 53% used [0x00000000c1200000,0x00000000c29294a8,0x00000000c3d00000)
 Metaspace       used 18648K, capacity 18802K, committed 19200K, reserved 1067008K
  class space    used 2380K, capacity 2444K, committed 2560K, reserved 1048576K
Event: 6.697 GC heap after
Heap after GC invocations=11 (full 0):
 PSYoungGen      total 68096K, used 96K [0x00000000eb100000, 0x00000000f0280000, 0x0000000100000000)
  eden space 52736K, 0% used [0x00000000eb100000,0x00000000eb100000,0x00000000ee480000)
  from space 15360K, 0% used [0x00000000ee480000,0x00000000ee498000,0x00000000ef380000)
  to   space 14848K, 0% used [0x00000000ef400000,0x00000000ef400000,0x00000000f0280000)
 ParOldGen       total 44032K, used 23749K [0x00000000c1200000, 0x00000000c3d00000, 0x00000000eb100000)
  object space 44032K, 53% used [0x00000000c1200000,0x00000000c29314a8,0x00000000c3d00000)
 Metaspace       used 18648K, capacity 18802K, committed 19200K, reserved 1067008K
  class space    used 2380K, capacity 2444K, committed 2560K, reserved 1048576K
}

