# JRE version: Java(TM) SE Runtime Environment (8.0_131-b11) (build 1.8.0_131-b11)
# Java VM: Java HotSpot(TM) 64-Bit Server VM (25.131-b11 mixed mode windows-amd64 compressed oops)
Heap:
 PSYoungGen      total 127488K, used 97393K [0x00000000eb100000, 0x00000000f8580000, 0x0000000100000000)
  eden space 120320K, 80% used [0x00000000eb100000,0x00000000f0ff46a8,0x00000000f2680000)
  from space 7168K, 2% used [0x00000000f7780000,0x00000000f77a8000,0x00000000f7e80000)
  to   space 7168K, 0% used [0x00000000f7e80000,0x00000000f7e80000,0x00000000f8580000)
 ParOldGen       total 44032K, used 10218K [0x00000000c1200000, 0x00000000c3d00000, 0x00000000eb100000)
  object space 44032K, 23% used [0x00000000c1200000,0x00000000c1bfaa68,0x00000000c3d00000)
 Metaspace       used 19240K, capacity 19442K, committed 19712K, reserved 1067008K
  class space    used 2416K, capacity 2490K, committed 2560K, reserved 1048576K
GC Heap History (10 events):
Event: 4.518 GC heap before
{Heap before GC invocations=7 (full 0):
 PSYoungGen      total 72192K, used 68160K [0x00000000eb100000, 0x00000000efe00000, 0x0000000100000000)
  eden space 65536K, 100% used [0x00000000eb100000,0x00000000ef100000,0x00000000ef100000)
  from space 6656K, 39% used [0x00000000ef780000,0x00000000efa10050,0x00000000efe00000)
  to   space 6656K, 0% used [0x00000000ef100000,0x00000000ef100000,0x00000000ef780000)
 ParOldGen       total 44032K, used 7371K [0x00000000c1200000, 0x00000000c3d00000, 0x00000000eb100000)
  object space 44032K, 16% used [0x00000000c1200000,0x00000000c1932d58,0x00000000c3d00000)
 Metaspace       used 18685K, capacity 18854K, committed 19072K, reserved 1067008K
  class space    used 2363K, capacity 2422K, committed 2432K, reserved 1048576K
Event: 4.526 GC heap after
Heap after GC invocations=7 (full 0):
 PSYoungGen      total 72192K, used 656K [0x00000000eb100000, 0x00000000f3f00000, 0x0000000100000000)
  eden space 65536K, 0% used [0x00000000eb100000,0x00000000eb100000,0x00000000ef100000)
  from space 6656K, 9% used [0x00000000ef100000,0x00000000ef1a4040,0x00000000ef780000)
  to   space 7168K, 0% used [0x00000000f3800000,0x00000000f3800000,0x00000000f3f00000)
 ParOldGen       total 44032K, used 9417K [0x00000000c1200000, 0x00000000c3d00000, 0x00000000eb100000)
  object space 44032K, 21% used [0x00000000c1200000,0x00000000c1b327e8,0x00000000c3d00000)
 Metaspace       used 18685K, capacity 18854K, committed 19072K, reserved 1067008K
  class space    used 2363K, capacity 2422K, committed 2432K, reserved 1048576K
}
Event: 5.315 GC heap before
{Heap before GC invocations=8 (full 0):
 PSYoungGen      total 72192K, used 66192K [0x00000000eb100000, 0x00000000f3f00000, 0x0000000100000000)
  eden space 65536K, 100% used [0x00000000eb100000,0x00000000ef100000,0x00000000ef100000)
  from space 6656K, 9% used [0x00000000ef100000,0x00000000ef1a4040,0x00000000ef780000)
  to   space 7168K, 0% used [0x00000000f3800000,0x00000000f3800000,0x00000000f3f00000)
 ParOldGen       total 44032K, used 9417K [0x00000000c1200000, 0x00000000c3d00000, 0x00000000eb100000)
  object space 44032K, 21% used [0x00000000c1200000,0x00000000c1b327e8,0x00000000c3d00000)
 Metaspace       used 18776K, capacity 18982K, committed 19328K, reserved 1067008K
  class space    used 2365K, capacity 2422K, committed 2432K, reserved 1048576K
Event: 5.318 GC heap after
Heap after GC invocations=8 (full 0):
 PSYoungGen      total 138240K, used 434K [0x00000000eb100000, 0x00000000f3f00000, 0x0000000100000000)
  eden space 131072K, 0% used [0x00000000eb100000,0x00000000eb100000,0x00000000f3100000)
  from space 7168K, 6% used [0x00000000f3800000,0x00000000f386caa0,0x00000000f3f00000)
  to   space 7168K, 0% used [0x00000000f3100000,0x00000000f3100000,0x00000000f3800000)
 ParOldGen       total 44032K, used 9802K [0x00000000c1200000, 0x00000000c3d00000, 0x00000000eb100000)
  object space 44032K, 22% used [0x00000000c1200000,0x00000000c1b92828,0x00000000c3d00000)
 Metaspace       used 18776K, capacity 18982K, committed 19328K, reserved 1067008K
  class space    used 2365K, capacity 2422K, committed 2432K, reserved 1048576K
}
Event: 6.815 GC heap before
{Heap before GC invocations=9 (full 0):
 PSYoungGen      total 138240K, used 131506K [0x00000000eb100000, 0x00000000f3f00000, 0x0000000100000000)
  eden space 131072K, 100% used [0x00000000eb100000,0x00000000f3100000,0x00000000f3100000)
  from space 7168K, 6% used [0x00000000f3800000,0x00000000f386caa0,0x00000000f3f00000)
  to   space 7168K, 0% used [0x00000000f3100000,0x00000000f3100000,0x00000000f3800000)
 ParOldGen       total 44032K, used 9802K [0x00000000c1200000, 0x00000000c3d00000, 0x00000000eb100000)
  object space 44032K, 22% used [0x00000000c1200000,0x00000000c1b92828,0x00000000c3d00000)
 Metaspace       used 18864K, capacity 19052K, committed 19328K, reserved 1067008K
  class space    used 2366K, capacity 2423K, committed 2432K, reserved 1048576K
Event: 6.822 GC heap after
Heap after GC invocations=9 (full 0):
 PSYoungGen      total 138240K, used 560K [0x00000000eb100000, 0x00000000f8c00000, 0x0000000100000000)
  eden space 131072K, 0% used [0x00000000eb100000,0x00000000eb100000,0x00000000f3100000)
  from space 7168K, 7% used [0x00000000f3100000,0x00000000f318c050,0x00000000f3800000)
  to   space 7168K, 0% used [0x00000000f8500000,0x00000000f8500000,0x00000000f8c00000)
 ParOldGen       total 44032K, used 9909K [0x00000000c1200000, 0x00000000c3d00000, 0x00000000eb100000)
  object space 44032K, 22% used [0x00000000c1200000,0x00000000c1bad648,0x00000000c3d00000)
 Metaspace       used 18864K, capacity 19052K, committed 19328K, reserved 1067008K
  class space    used 2366K, capacity 2423K, committed 2432K, reserved 1048576K
}
Event: 8.319 GC heap before
{Heap before GC invocations=10 (full 0):
 PSYoungGen      total 138240K, used 131632K [0x00000000eb100000, 0x00000000f8c00000, 0x0000000100000000)
  eden space 131072K, 100% used [0x00000000eb100000,0x00000000f3100000,0x00000000f3100000)
  from space 7168K, 7% used [0x00000000f3100000,0x00000000f318c050,0x00000000f3800000)
  to   space 7168K, 0% used [0x00000000f8500000,0x00000000f8500000,0x00000000f8c00000)
 ParOldGen       total 44032K, used 9909K [0x00000000c1200000, 0x00000000c3d00000, 0x00000000eb100000)
  object space 44032K, 22% used [0x00000000c1200000,0x00000000c1bad648,0x00000000c3d00000)
 Metaspace       used 19165K, capacity 19378K, committed 19712K, reserved 1067008K
  class space    used 2414K, capacity 2490K, committed 2560K, reserved 1048576K
Event: 8.321 GC heap after
Heap after GC invocations=10 (full 0):
 PSYoungGen      total 125952K, used 320K [0x00000000eb100000, 0x00000000f8580000, 0x0000000100000000)
  eden space 125440K, 0% used [0x00000000eb100000,0x00000000eb100000,0x00000000f2b80000)
  from space 512K, 62% used [0x00000000f8500000,0x00000000f8550000,0x00000000f8580000)
  to   space 7168K, 0% used [0x00000000f7780000,0x00000000f7780000,0x00000000f7e80000)
 ParOldGen       total 44032K, used 10007K [0x00000000c1200000, 0x00000000c3d00000, 0x00000000eb100000)
  object space 44032K, 22% used [0x00000000c1200000,0x00000000c1bc5c88,0x00000000c3d00000)
 Metaspace       used 19165K, capacity 19378K, committed 19712K, reserved 1067008K
  class space    used 2414K, capacity 2490K, committed 2560K, reserved 1048576K
}
Event: 9.530 GC heap before
{Heap before GC invocations=11 (full 0):
 PSYoungGen      total 125952K, used 125760K [0x00000000eb100000, 0x00000000f8580000, 0x0000000100000000)
  eden space 125440K, 100% used [0x00000000eb100000,0x00000000f2b80000,0x00000000f2b80000)
  from space 512K, 62% used [0x00000000f8500000,0x00000000f8550000,0x00000000f8580000)
  to   space 7168K, 0% used [0x00000000f7780000,0x00000000f7780000,0x00000000f7e80000)
 ParOldGen       total 44032K, used 10007K [0x00000000c1200000, 0x00000000c3d00000, 0x00000000eb100000)
  object space 44032K, 22% used [0x00000000c1200000,0x00000000c1bc5c88,0x00000000c3d00000)
 Metaspace       used 19233K, capacity 19442K, committed 19712K, reserved 1067008K
  class space    used 2416K, capacity 2490K, committed 2560K, reserved 1048576K
Event: 9.532 GC heap after
Heap after GC invocations=11 (full 0):
 PSYoungGen      total 127488K, used 160K [0x00000000eb100000, 0x00000000f8580000, 0x0000000100000000)
  eden space 120320K, 0% used [0x00000000eb100000,0x00000000eb100000,0x00000000f2680000)
  from space 7168K, 2% used [0x00000000f7780000,0x00000000f77a8000,0x00000000f7e80000)
  to   space 7168K, 0% used [0x00000000f7e80000,0x00000000f7e80000,0x00000000f8580000)
 ParOldGen       total 44032K, used 10218K [0x00000000c1200000, 0x00000000c3d00000, 0x00000000eb100000)
  object space 44032K, 23% used [0x00000000c1200000,0x00000000c1bfaa68,0x00000000c3d00000)
 Metaspace       used 19233K, capacity 19442K, committed 19712K, reserved 1067008K
  class space    used 2416K, capacity 2490K, committed 2560K, reserved 1048576K
}

