# JRE version: Java(TM) SE Runtime Environment (8.0_131-b11) (build 1.8.0_131-b11)
# Java VM: Java HotSpot(TM) 64-Bit Server VM (25.131-b11 mixed mode windows-amd64 compressed oops)
Heap:
 PSYoungGen      total 35328K, used 8209K [0x00000000eb100000, 0x00000000f0e00000, 0x0000000100000000)
  eden space 32768K, 17% used [0x00000000eb100000,0x00000000eb685078,0x00000000ed100000)
  from space 2560K, 99% used [0x00000000ed100000,0x00000000ed37f570,0x00000000ed380000)
  to   space 14848K, 0% used [0x00000000eff80000,0x00000000eff80000,0x00000000f0e00000)
 ParOldGen       total 44032K, used 14554K [0x00000000c1200000, 0x00000000c3d00000, 0x00000000eb100000)
  object space 44032K, 33% used [0x00000000c1200000,0x00000000c2036bd0,0x00000000c3d00000)
 Metaspace       used 18176K, capacity 18354K, committed 18560K, reserved 1064960K
  class space    used 2324K, capacity 2380K, committed 2432K, reserved 1048576K
GC Heap History (10 events):
Event: 1.417 GC heap before
{Heap before GC invocations=1 (full 0):
 PSYoungGen      total 18944K, used 16384K [0x00000000eb100000, 0x00000000ec600000, 0x0000000100000000)
  eden space 16384K, 100% used [0x00000000eb100000,0x00000000ec100000,0x00000000ec100000)
  from space 2560K, 0% used [0x00000000ec380000,0x00000000ec380000,0x00000000ec600000)
  to   space 2560K, 0% used [0x00000000ec100000,0x00000000ec100000,0x00000000ec380000)
 ParOldGen       total 44032K, used 0K [0x00000000c1200000, 0x00000000c3d00000, 0x00000000eb100000)
  object space 44032K, 0% used [0x00000000c1200000,0x00000000c1200000,0x00000000c3d00000)
 Metaspace       used 13509K, capacity 13730K, committed 14080K, reserved 1060864K
  class space    used 1850K, capacity 1930K, committed 2048K, reserved 1048576K
Event: 1.425 GC heap after
Heap after GC invocations=1 (full 0):
 PSYoungGen      total 18944K, used 2557K [0x00000000eb100000, 0x00000000ec600000, 0x0000000100000000)
  eden space 16384K, 0% used [0x00000000eb100000,0x00000000eb100000,0x00000000ec100000)
  from space 2560K, 99% used [0x00000000ec100000,0x00000000ec37f560,0x00000000ec380000)
  to   space 2560K, 0% used [0x00000000ec380000,0x00000000ec380000,0x00000000ec600000)
 ParOldGen       total 44032K, used 3689K [0x00000000c1200000, 0x00000000c3d00000, 0x00000000eb100000)
  object space 44032K, 8% used [0x00000000c1200000,0x00000000c159a640,0x00000000c3d00000)
 Metaspace       used 13509K, capacity 13730K, committed 14080K, reserved 1060864K
  class space    used 1850K, capacity 1930K, committed 2048K, reserved 1048576K
}
Event: 3.719 GC heap before
{Heap before GC invocations=2 (full 0):
 PSYoungGen      total 18944K, used 18941K [0x00000000eb100000, 0x00000000ec600000, 0x0000000100000000)
  eden space 16384K, 100% used [0x00000000eb100000,0x00000000ec100000,0x00000000ec100000)
  from space 2560K, 99% used [0x00000000ec100000,0x00000000ec37f560,0x00000000ec380000)
  to   space 2560K, 0% used [0x00000000ec380000,0x00000000ec380000,0x00000000ec600000)
 ParOldGen       total 44032K, used 3689K [0x00000000c1200000, 0x00000000c3d00000, 0x00000000eb100000)
  object space 44032K, 8% used [0x00000000c1200000,0x00000000c159a640,0x00000000c3d00000)
 Metaspace       used 18104K, capacity 18290K, committed 18560K, reserved 1064960K
  class space    used 2323K, capacity 2380K, committed 2432K, reserved 1048576K
Event: 3.731 GC heap after
Heap after GC invocations=2 (full 0):
 PSYoungGen      total 18944K, used 2528K [0x00000000eb100000, 0x00000000ec600000, 0x0000000100000000)
  eden space 16384K, 0% used [0x00000000eb100000,0x00000000eb100000,0x00000000ec100000)
  from space 2560K, 98% used [0x00000000ec380000,0x00000000ec5f8030,0x00000000ec600000)
  to   space 2560K, 0% used [0x00000000ec100000,0x00000000ec100000,0x00000000ec380000)
 ParOldGen       total 44032K, used 14498K [0x00000000c1200000, 0x00000000c3d00000, 0x00000000eb100000)
  object space 44032K, 32% used [0x00000000c1200000,0x00000000c2028bd0,0x00000000c3d00000)
 Metaspace       used 18104K, capacity 18290K, committed 18560K, reserved 1064960K
  class space    used 2323K, capacity 2380K, committed 2432K, reserved 1048576K
}
Event: 4.008 GC heap before
{Heap before GC invocations=3 (full 0):
 PSYoungGen      total 18944K, used 18912K [0x00000000eb100000, 0x00000000ec600000, 0x0000000100000000)
  eden space 16384K, 100% used [0x00000000eb100000,0x00000000ec100000,0x00000000ec100000)
  from space 2560K, 98% used [0x00000000ec380000,0x00000000ec5f8030,0x00000000ec600000)
  to   space 2560K, 0% used [0x00000000ec100000,0x00000000ec100000,0x00000000ec380000)
 ParOldGen       total 44032K, used 14498K [0x00000000c1200000, 0x00000000c3d00000, 0x00000000eb100000)
  object space 44032K, 32% used [0x00000000c1200000,0x00000000c2028bd0,0x00000000c3d00000)
 Metaspace       used 18169K, capacity 18354K, committed 18560K, reserved 1064960K
  class space    used 2323K, capacity 2380K, committed 2432K, reserved 1048576K
Event: 4.014 GC heap after
Heap after GC invocations=3 (full 0):
 PSYoungGen      total 18944K, used 2557K [0x00000000eb100000, 0x00000000ed600000, 0x0000000100000000)
  eden space 16384K, 0% used [0x00000000eb100000,0x00000000eb100000,0x00000000ec100000)
  from space 2560K, 99% used [0x00000000ec100000,0x00000000ec37f570,0x00000000ec380000)
  to   space 2560K, 0% used [0x00000000ed380000,0x00000000ed380000,0x00000000ed600000)
 ParOldGen       total 44032K, used 14522K [0x00000000c1200000, 0x00000000c3d00000, 0x00000000eb100000)
  object space 44032K, 32% used [0x00000000c1200000,0x00000000c202ebd0,0x00000000c3d00000)
 Metaspace       used 18169K, capacity 18354K, committed 18560K, reserved 1064960K
  class space    used 2323K, capacity 2380K, committed 2432K, reserved 1048576K
}
Event: 4.218 GC heap before
{Heap before GC invocations=4 (full 0):
 PSYoungGen      total 18944K, used 18941K [0x00000000eb100000, 0x00000000ed600000, 0x0000000100000000)
  eden space 16384K, 100% used [0x00000000eb100000,0x00000000ec100000,0x00000000ec100000)
  from space 2560K, 99% used [0x00000000ec100000,0x00000000ec37f570,0x00000000ec380000)
  to   space 2560K, 0% used [0x00000000ed380000,0x00000000ed380000,0x00000000ed600000)
 ParOldGen       total 44032K, used 14522K [0x00000000c1200000, 0x00000000c3d00000, 0x00000000eb100000)
  object space 44032K, 32% used [0x00000000c1200000,0x00000000c202ebd0,0x00000000c3d00000)
 Metaspace       used 18169K, capacity 18354K, committed 18560K, reserved 1064960K
  class space    used 2323K, capacity 2380K, committed 2432K, reserved 1048576K
Event: 4.225 GC heap after
Heap after GC invocations=4 (full 0):
 PSYoungGen      total 35328K, used 2557K [0x00000000eb100000, 0x00000000ed600000, 0x0000000100000000)
  eden space 32768K, 0% used [0x00000000eb100000,0x00000000eb100000,0x00000000ed100000)
  from space 2560K, 99% used [0x00000000ed380000,0x00000000ed5ff570,0x00000000ed600000)
  to   space 2560K, 0% used [0x00000000ed100000,0x00000000ed100000,0x00000000ed380000)
 ParOldGen       total 44032K, used 14538K [0x00000000c1200000, 0x00000000c3d00000, 0x00000000eb100000)
  object space 44032K, 33% used [0x00000000c1200000,0x00000000c2032bd0,0x00000000c3d00000)
 Metaspace       used 18169K, capacity 18354K, committed 18560K, reserved 1064960K
  class space    used 2323K, capacity 2380K, committed 2432K, reserved 1048576K
}
Event: 4.563 GC heap before
{Heap before GC invocations=5 (full 0):
 PSYoungGen      total 35328K, used 35325K [0x00000000eb100000, 0x00000000ed600000, 0x0000000100000000)
  eden space 32768K, 100% used [0x00000000eb100000,0x00000000ed100000,0x00000000ed100000)
  from space 2560K, 99% used [0x00000000ed380000,0x00000000ed5ff570,0x00000000ed600000)
  to   space 2560K, 0% used [0x00000000ed100000,0x00000000ed100000,0x00000000ed380000)
 ParOldGen       total 44032K, used 14538K [0x00000000c1200000, 0x00000000c3d00000, 0x00000000eb100000)
  object space 44032K, 33% used [0x00000000c1200000,0x00000000c2032bd0,0x00000000c3d00000)
 Metaspace       used 18175K, capacity 18354K, committed 18560K, reserved 1064960K
  class space    used 2323K, capacity 2380K, committed 2432K, reserved 1048576K
Event: 4.570 GC heap after
Heap after GC invocations=5 (full 0):
 PSYoungGen      total 35328K, used 2557K [0x00000000eb100000, 0x00000000f0e00000, 0x0000000100000000)
  eden space 32768K, 0% used [0x00000000eb100000,0x00000000eb100000,0x00000000ed100000)
  from space 2560K, 99% used [0x00000000ed100000,0x00000000ed37f570,0x00000000ed380000)
  to   space 14848K, 0% used [0x00000000eff80000,0x00000000eff80000,0x00000000f0e00000)
 ParOldGen       total 44032K, used 14554K [0x00000000c1200000, 0x00000000c3d00000, 0x00000000eb100000)
  object space 44032K, 33% used [0x00000000c1200000,0x00000000c2036bd0,0x00000000c3d00000)
 Metaspace       used 18175K, capacity 18354K, committed 18560K, reserved 1064960K
  class space    used 2323K, capacity 2380K, committed 2432K, reserved 1048576K
}

