# JRE version: Java(TM) SE Runtime Environment (8.0_131-b11) (build 1.8.0_131-b11)
# Java VM: Java HotSpot(TM) 64-Bit Server VM (25.131-b11 mixed mode windows-amd64 compressed oops)
Heap:
 PSYoungGen      total 50688K, used 43311K [0x00000000eb100000, 0x00000000efb00000, 0x0000000100000000)
  eden space 50176K, 86% used [0x00000000eb100000,0x00000000edb64e38,0x00000000ee200000)
  from space 512K, 12% used [0x00000000efa00000,0x00000000efa10000,0x00000000efa80000)
  to   space 512K, 0% used [0x00000000efa80000,0x00000000efa80000,0x00000000efb00000)
 ParOldGen       total 39424K, used 22858K [0x00000000c1200000, 0x00000000c3880000, 0x00000000eb100000)
  object space 39424K, 57% used [0x00000000c1200000,0x00000000c28528d8,0x00000000c3880000)
 Metaspace       used 21233K, capacity 21412K, committed 21552K, reserved 1069056K
  class space    used 2595K, capacity 2679K, committed 2688K, reserved 1048576K
GC Heap History (10 events):
Event: 444.779 GC heap before
{Heap before GC invocations=2875 (full 2):
 PSYoungGen      total 39424K, used 39008K [0x00000000eb100000, 0x00000000efb00000, 0x0000000100000000)
  eden space 38912K, 100% used [0x00000000eb100000,0x00000000ed700000,0x00000000ed700000)
  from space 512K, 18% used [0x00000000efa80000,0x00000000efa98000,0x00000000efb00000)
  to   space 512K, 0% used [0x00000000efa00000,0x00000000efa00000,0x00000000efa80000)
 ParOldGen       total 39424K, used 22834K [0x00000000c1200000, 0x00000000c3880000, 0x00000000eb100000)
  object space 39424K, 57% used [0x00000000c1200000,0x00000000c284c8d8,0x00000000c3880000)
 Metaspace       used 21206K, capacity 21412K, committed 21552K, reserved 1069056K
  class space    used 2594K, capacity 2679K, committed 2688K, reserved 1048576K
Event: 444.781 GC heap after
Heap after GC invocations=2875 (full 2):
 PSYoungGen      total 47104K, used 64K [0x00000000eb100000, 0x00000000efb00000, 0x0000000100000000)
  eden space 46592K, 0% used [0x00000000eb100000,0x00000000eb100000,0x00000000ede80000)
  from space 512K, 12% used [0x00000000efa00000,0x00000000efa10000,0x00000000efa80000)
  to   space 512K, 0% used [0x00000000efa80000,0x00000000efa80000,0x00000000efb00000)
 ParOldGen       total 39424K, used 22834K [0x00000000c1200000, 0x00000000c3880000, 0x00000000eb100000)
  object space 39424K, 57% used [0x00000000c1200000,0x00000000c284c8d8,0x00000000c3880000)
 Metaspace       used 21206K, capacity 21412K, committed 21552K, reserved 1069056K
  class space    used 2594K, capacity 2679K, committed 2688K, reserved 1048576K
}
Event: 444.955 GC heap before
{Heap before GC invocations=2876 (full 2):
 PSYoungGen      total 47104K, used 46656K [0x00000000eb100000, 0x00000000efb00000, 0x0000000100000000)
  eden space 46592K, 100% used [0x00000000eb100000,0x00000000ede80000,0x00000000ede80000)
  from space 512K, 12% used [0x00000000efa00000,0x00000000efa10000,0x00000000efa80000)
  to   space 512K, 0% used [0x00000000efa80000,0x00000000efa80000,0x00000000efb00000)
 ParOldGen       total 39424K, used 22834K [0x00000000c1200000, 0x00000000c3880000, 0x00000000eb100000)
  object space 39424K, 57% used [0x00000000c1200000,0x00000000c284c8d8,0x00000000c3880000)
 Metaspace       used 21206K, capacity 21412K, committed 21552K, reserved 1069056K
  class space    used 2594K, capacity 2679K, committed 2688K, reserved 1048576K
Event: 444.956 GC heap after
Heap after GC invocations=2876 (full 2):
 PSYoungGen      total 56320K, used 64K [0x00000000eb100000, 0x00000000efb00000, 0x0000000100000000)
  eden space 55808K, 0% used [0x00000000eb100000,0x00000000eb100000,0x00000000ee780000)
  from space 512K, 12% used [0x00000000efa80000,0x00000000efa90000,0x00000000efb00000)
  to   space 512K, 0% used [0x00000000efa00000,0x00000000efa00000,0x00000000efa80000)
 ParOldGen       total 39424K, used 22834K [0x00000000c1200000, 0x00000000c3880000, 0x00000000eb100000)
  object space 39424K, 57% used [0x00000000c1200000,0x00000000c284c8d8,0x00000000c3880000)
 Metaspace       used 21206K, capacity 21412K, committed 21552K, reserved 1069056K
  class space    used 2594K, capacity 2679K, committed 2688K, reserved 1048576K
}
Event: 445.158 GC heap before
{Heap before GC invocations=2877 (full 2):
 PSYoungGen      total 56320K, used 55872K [0x00000000eb100000, 0x00000000efb00000, 0x0000000100000000)
  eden space 55808K, 100% used [0x00000000eb100000,0x00000000ee780000,0x00000000ee780000)
  from space 512K, 12% used [0x00000000efa80000,0x00000000efa90000,0x00000000efb00000)
  to   space 512K, 0% used [0x00000000efa00000,0x00000000efa00000,0x00000000efa80000)
 ParOldGen       total 39424K, used 22834K [0x00000000c1200000, 0x00000000c3880000, 0x00000000eb100000)
  object space 39424K, 57% used [0x00000000c1200000,0x00000000c284c8d8,0x00000000c3880000)
 Metaspace       used 21206K, capacity 21412K, committed 21552K, reserved 1069056K
  class space    used 2594K, capacity 2679K, committed 2688K, reserved 1048576K
Event: 445.160 GC heap after
Heap after GC invocations=2877 (full 2):
 PSYoungGen      total 54272K, used 64K [0x00000000eb100000, 0x00000000efb00000, 0x0000000100000000)
  eden space 53760K, 0% used [0x00000000eb100000,0x00000000eb100000,0x00000000ee580000)
  from space 512K, 12% used [0x00000000efa00000,0x00000000efa10000,0x00000000efa80000)
  to   space 512K, 0% used [0x00000000efa80000,0x00000000efa80000,0x00000000efb00000)
 ParOldGen       total 39424K, used 22850K [0x00000000c1200000, 0x00000000c3880000, 0x00000000eb100000)
  object space 39424K, 57% used [0x00000000c1200000,0x00000000c28508d8,0x00000000c3880000)
 Metaspace       used 21206K, capacity 21412K, committed 21552K, reserved 1069056K
  class space    used 2594K, capacity 2679K, committed 2688K, reserved 1048576K
}
Event: 445.351 GC heap before
{Heap before GC invocations=2878 (full 2):
 PSYoungGen      total 54272K, used 53824K [0x00000000eb100000, 0x00000000efb00000, 0x0000000100000000)
  eden space 53760K, 100% used [0x00000000eb100000,0x00000000ee580000,0x00000000ee580000)
  from space 512K, 12% used [0x00000000efa00000,0x00000000efa10000,0x00000000efa80000)
  to   space 512K, 0% used [0x00000000efa80000,0x00000000efa80000,0x00000000efb00000)
 ParOldGen       total 39424K, used 22850K [0x00000000c1200000, 0x00000000c3880000, 0x00000000eb100000)
  object space 39424K, 57% used [0x00000000c1200000,0x00000000c28508d8,0x00000000c3880000)
 Metaspace       used 21206K, capacity 21412K, committed 21552K, reserved 1069056K
  class space    used 2594K, capacity 2679K, committed 2688K, reserved 1048576K
Event: 445.352 GC heap after
Heap after GC invocations=2878 (full 2):
 PSYoungGen      total 52224K, used 64K [0x00000000eb100000, 0x00000000efb00000, 0x0000000100000000)
  eden space 51712K, 0% used [0x00000000eb100000,0x00000000eb100000,0x00000000ee380000)
  from space 512K, 12% used [0x00000000efa80000,0x00000000efa90000,0x00000000efb00000)
  to   space 512K, 0% used [0x00000000efa00000,0x00000000efa00000,0x00000000efa80000)
 ParOldGen       total 39424K, used 22850K [0x00000000c1200000, 0x00000000c3880000, 0x00000000eb100000)
  object space 39424K, 57% used [0x00000000c1200000,0x00000000c28508d8,0x00000000c3880000)
 Metaspace       used 21206K, capacity 21412K, committed 21552K, reserved 1069056K
  class space    used 2594K, capacity 2679K, committed 2688K, reserved 1048576K
}
Event: 445.529 GC heap before
{Heap before GC invocations=2879 (full 2):
 PSYoungGen      total 52224K, used 51776K [0x00000000eb100000, 0x00000000efb00000, 0x0000000100000000)
  eden space 51712K, 100% used [0x00000000eb100000,0x00000000ee380000,0x00000000ee380000)
  from space 512K, 12% used [0x00000000efa80000,0x00000000efa90000,0x00000000efb00000)
  to   space 512K, 0% used [0x00000000efa00000,0x00000000efa00000,0x00000000efa80000)
 ParOldGen       total 39424K, used 22850K [0x00000000c1200000, 0x00000000c3880000, 0x00000000eb100000)
  object space 39424K, 57% used [0x00000000c1200000,0x00000000c28508d8,0x00000000c3880000)
 Metaspace       used 21206K, capacity 21412K, committed 21552K, reserved 1069056K
  class space    used 2594K, capacity 2679K, committed 2688K, reserved 1048576K
Event: 445.530 GC heap after
Heap after GC invocations=2879 (full 2):
 PSYoungGen      total 50688K, used 64K [0x00000000eb100000, 0x00000000efb00000, 0x0000000100000000)
  eden space 50176K, 0% used [0x00000000eb100000,0x00000000eb100000,0x00000000ee200000)
  from space 512K, 12% used [0x00000000efa00000,0x00000000efa10000,0x00000000efa80000)
  to   space 512K, 0% used [0x00000000efa80000,0x00000000efa80000,0x00000000efb00000)
 ParOldGen       total 39424K, used 22858K [0x00000000c1200000, 0x00000000c3880000, 0x00000000eb100000)
  object space 39424K, 57% used [0x00000000c1200000,0x00000000c28528d8,0x00000000c3880000)
 Metaspace       used 21206K, capacity 21412K, committed 21552K, reserved 1069056K
  class space    used 2594K, capacity 2679K, committed 2688K, reserved 1048576K
}

