# JRE version: Java(TM) SE Runtime Environment (8.0_131-b11) (build 1.8.0_131-b11)
# Java VM: Java HotSpot(TM) 64-Bit Server VM (25.131-b11 mixed mode windows-amd64 compressed oops)
Heap:
 PSYoungGen      total 43008K, used 18170K [0x00000000eb100000, 0x00000000eed80000, 0x0000000100000000)
  eden space 42496K, 42% used [0x00000000eb100000,0x00000000ec2aeae0,0x00000000eda80000)
  from space 512K, 12% used [0x00000000eed00000,0x00000000eed10000,0x00000000eed80000)
  to   space 512K, 0% used [0x00000000eec80000,0x00000000eec80000,0x00000000eed00000)
 ParOldGen       total 43520K, used 28912K [0x00000000c1200000, 0x00000000c3c80000, 0x00000000eb100000)
  object space 43520K, 66% used [0x00000000c1200000,0x00000000c2e3c198,0x00000000c3c80000)
 Metaspace       used 21147K, capacity 21350K, committed 21632K, reserved 1069056K
  class space    used 2543K, capacity 2606K, committed 2688K, reserved 1048576K
GC Heap History (10 events):
Event: 415.729 GC heap before
{Heap before GC invocations=2624 (full 2):
 PSYoungGen      total 39936K, used 39552K [0x00000000eb100000, 0x00000000eed80000, 0x0000000100000000)
  eden space 39424K, 100% used [0x00000000eb100000,0x00000000ed780000,0x00000000ed780000)
  from space 512K, 25% used [0x00000000eec80000,0x00000000eeca0000,0x00000000eed00000)
  to   space 512K, 0% used [0x00000000eed00000,0x00000000eed00000,0x00000000eed80000)
 ParOldGen       total 43520K, used 28833K [0x00000000c1200000, 0x00000000c3c80000, 0x00000000eb100000)
  object space 43520K, 66% used [0x00000000c1200000,0x00000000c2e285f8,0x00000000c3c80000)
 Metaspace       used 21122K, capacity 21350K, committed 21632K, reserved 1069056K
  class space    used 2543K, capacity 2606K, committed 2688K, reserved 1048576K
Event: 415.731 GC heap after
Heap after GC invocations=2624 (full 2):
 PSYoungGen      total 38912K, used 128K [0x00000000eb100000, 0x00000000eed80000, 0x0000000100000000)
  eden space 38400K, 0% used [0x00000000eb100000,0x00000000eb100000,0x00000000ed680000)
  from space 512K, 25% used [0x00000000eed00000,0x00000000eed20000,0x00000000eed80000)
  to   space 512K, 0% used [0x00000000eec80000,0x00000000eec80000,0x00000000eed00000)
 ParOldGen       total 43520K, used 28860K [0x00000000c1200000, 0x00000000c3c80000, 0x00000000eb100000)
  object space 43520K, 66% used [0x00000000c1200000,0x00000000c2e2f3c8,0x00000000c3c80000)
 Metaspace       used 21122K, capacity 21350K, committed 21632K, reserved 1069056K
  class space    used 2543K, capacity 2606K, committed 2688K, reserved 1048576K
}
Event: 415.895 GC heap before
{Heap before GC invocations=2625 (full 2):
 PSYoungGen      total 38912K, used 38528K [0x00000000eb100000, 0x00000000eed80000, 0x0000000100000000)
  eden space 38400K, 100% used [0x00000000eb100000,0x00000000ed680000,0x00000000ed680000)
  from space 512K, 25% used [0x00000000eed00000,0x00000000eed20000,0x00000000eed80000)
  to   space 512K, 0% used [0x00000000eec80000,0x00000000eec80000,0x00000000eed00000)
 ParOldGen       total 43520K, used 28860K [0x00000000c1200000, 0x00000000c3c80000, 0x00000000eb100000)
  object space 43520K, 66% used [0x00000000c1200000,0x00000000c2e2f3c8,0x00000000c3c80000)
 Metaspace       used 21122K, capacity 21350K, committed 21632K, reserved 1069056K
  class space    used 2543K, capacity 2606K, committed 2688K, reserved 1048576K
Event: 415.896 GC heap after
Heap after GC invocations=2625 (full 2):
 PSYoungGen      total 37888K, used 96K [0x00000000eb100000, 0x00000000eed80000, 0x0000000100000000)
  eden space 37376K, 0% used [0x00000000eb100000,0x00000000eb100000,0x00000000ed580000)
  from space 512K, 18% used [0x00000000eec80000,0x00000000eec98000,0x00000000eed00000)
  to   space 512K, 0% used [0x00000000eed00000,0x00000000eed00000,0x00000000eed80000)
 ParOldGen       total 43520K, used 28888K [0x00000000c1200000, 0x00000000c3c80000, 0x00000000eb100000)
  object space 43520K, 66% used [0x00000000c1200000,0x00000000c2e36198,0x00000000c3c80000)
 Metaspace       used 21122K, capacity 21350K, committed 21632K, reserved 1069056K
  class space    used 2543K, capacity 2606K, committed 2688K, reserved 1048576K
}
Event: 416.035 GC heap before
{Heap before GC invocations=2626 (full 2):
 PSYoungGen      total 37888K, used 37472K [0x00000000eb100000, 0x00000000eed80000, 0x0000000100000000)
  eden space 37376K, 100% used [0x00000000eb100000,0x00000000ed580000,0x00000000ed580000)
  from space 512K, 18% used [0x00000000eec80000,0x00000000eec98000,0x00000000eed00000)
  to   space 512K, 0% used [0x00000000eed00000,0x00000000eed00000,0x00000000eed80000)
 ParOldGen       total 43520K, used 28888K [0x00000000c1200000, 0x00000000c3c80000, 0x00000000eb100000)
  object space 43520K, 66% used [0x00000000c1200000,0x00000000c2e36198,0x00000000c3c80000)
 Metaspace       used 21122K, capacity 21350K, committed 21632K, reserved 1069056K
  class space    used 2543K, capacity 2606K, committed 2688K, reserved 1048576K
Event: 416.037 GC heap after
Heap after GC invocations=2626 (full 2):
 PSYoungGen      total 36864K, used 96K [0x00000000eb100000, 0x00000000eed80000, 0x0000000100000000)
  eden space 36352K, 0% used [0x00000000eb100000,0x00000000eb100000,0x00000000ed480000)
  from space 512K, 18% used [0x00000000eed00000,0x00000000eed18000,0x00000000eed80000)
  to   space 512K, 0% used [0x00000000eec80000,0x00000000eec80000,0x00000000eed00000)
 ParOldGen       total 43520K, used 28896K [0x00000000c1200000, 0x00000000c3c80000, 0x00000000eb100000)
  object space 43520K, 66% used [0x00000000c1200000,0x00000000c2e38198,0x00000000c3c80000)
 Metaspace       used 21122K, capacity 21350K, committed 21632K, reserved 1069056K
  class space    used 2543K, capacity 2606K, committed 2688K, reserved 1048576K
}
Event: 416.392 GC heap before
{Heap before GC invocations=2627 (full 2):
 PSYoungGen      total 36864K, used 36448K [0x00000000eb100000, 0x00000000eed80000, 0x0000000100000000)
  eden space 36352K, 100% used [0x00000000eb100000,0x00000000ed480000,0x00000000ed480000)
  from space 512K, 18% used [0x00000000eed00000,0x00000000eed18000,0x00000000eed80000)
  to   space 512K, 0% used [0x00000000eec80000,0x00000000eec80000,0x00000000eed00000)
 ParOldGen       total 43520K, used 28896K [0x00000000c1200000, 0x00000000c3c80000, 0x00000000eb100000)
  object space 43520K, 66% used [0x00000000c1200000,0x00000000c2e38198,0x00000000c3c80000)
 Metaspace       used 21147K, capacity 21350K, committed 21632K, reserved 1069056K
  class space    used 2543K, capacity 2606K, committed 2688K, reserved 1048576K
Event: 416.396 GC heap after
Heap after GC invocations=2627 (full 2):
 PSYoungGen      total 35840K, used 64K [0x00000000eb100000, 0x00000000eed80000, 0x0000000100000000)
  eden space 35328K, 0% used [0x00000000eb100000,0x00000000eb100000,0x00000000ed380000)
  from space 512K, 12% used [0x00000000eec80000,0x00000000eec90000,0x00000000eed00000)
  to   space 512K, 0% used [0x00000000eed00000,0x00000000eed00000,0x00000000eed80000)
 ParOldGen       total 43520K, used 28896K [0x00000000c1200000, 0x00000000c3c80000, 0x00000000eb100000)
  object space 43520K, 66% used [0x00000000c1200000,0x00000000c2e38198,0x00000000c3c80000)
 Metaspace       used 21147K, capacity 21350K, committed 21632K, reserved 1069056K
  class space    used 2543K, capacity 2606K, committed 2688K, reserved 1048576K
}
Event: 416.580 GC heap before
{Heap before GC invocations=2628 (full 2):
 PSYoungGen      total 35840K, used 35392K [0x00000000eb100000, 0x00000000eed80000, 0x0000000100000000)
  eden space 35328K, 100% used [0x00000000eb100000,0x00000000ed380000,0x00000000ed380000)
  from space 512K, 12% used [0x00000000eec80000,0x00000000eec90000,0x00000000eed00000)
  to   space 512K, 0% used [0x00000000eed00000,0x00000000eed00000,0x00000000eed80000)
 ParOldGen       total 43520K, used 28896K [0x00000000c1200000, 0x00000000c3c80000, 0x00000000eb100000)
  object space 43520K, 66% used [0x00000000c1200000,0x00000000c2e38198,0x00000000c3c80000)
 Metaspace       used 21147K, capacity 21350K, committed 21632K, reserved 1069056K
  class space    used 2543K, capacity 2606K, committed 2688K, reserved 1048576K
Event: 416.583 GC heap after
Heap after GC invocations=2628 (full 2):
 PSYoungGen      total 43008K, used 64K [0x00000000eb100000, 0x00000000eed80000, 0x0000000100000000)
  eden space 42496K, 0% used [0x00000000eb100000,0x00000000eb100000,0x00000000eda80000)
  from space 512K, 12% used [0x00000000eed00000,0x00000000eed10000,0x00000000eed80000)
  to   space 512K, 0% used [0x00000000eec80000,0x00000000eec80000,0x00000000eed00000)
 ParOldGen       total 43520K, used 28912K [0x00000000c1200000, 0x00000000c3c80000, 0x00000000eb100000)
  object space 43520K, 66% used [0x00000000c1200000,0x00000000c2e3c198,0x00000000c3c80000)
 Metaspace       used 21147K, capacity 21350K, committed 21632K, reserved 1069056K
  class space    used 2543K, capacity 2606K, committed 2688K, reserved 1048576K
}

