# JRE version: Java(TM) SE Runtime Environment (8.0_131-b11) (build 1.8.0_131-b11)
# Java VM: Java HotSpot(TM) 64-Bit Server VM (25.131-b11 mixed mode windows-amd64 compressed oops)
Heap:
 PSYoungGen      total 111104K, used 2511K [0x00000000eb100000, 0x00000000f3400000, 0x0000000100000000)
  eden space 110592K, 1% used [0x00000000eb100000,0x00000000eb323f18,0x00000000f1d00000)
  from space 512K, 62% used [0x00000000f2180000,0x00000000f21d0000,0x00000000f2200000)
  to   space 11776K, 0% used [0x00000000f2880000,0x00000000f2880000,0x00000000f3400000)
 ParOldGen       total 44032K, used 18805K [0x00000000c1200000, 0x00000000c3d00000, 0x00000000eb100000)
  object space 44032K, 42% used [0x00000000c1200000,0x00000000c245d738,0x00000000c3d00000)
 Metaspace       used 18796K, capacity 18962K, committed 19072K, reserved 1067008K
  class space    used 2359K, capacity 2412K, committed 2432K, reserved 1048576K
GC Heap History (10 events):
Event: 6.226 GC heap before
{Heap before GC invocations=8 (full 0):
 PSYoungGen      total 79872K, used 65664K [0x00000000eb100000, 0x00000000f4d00000, 0x0000000100000000)
  eden space 65536K, 100% used [0x00000000eb100000,0x00000000ef100000,0x00000000ef100000)
  from space 14336K, 0% used [0x00000000ef100000,0x00000000ef120000,0x00000000eff00000)
  to   space 14336K, 0% used [0x00000000f3f00000,0x00000000f3f00000,0x00000000f4d00000)
 ParOldGen       total 44032K, used 18552K [0x00000000c1200000, 0x00000000c3d00000, 0x00000000eb100000)
  object space 44032K, 42% used [0x00000000c1200000,0x00000000c241e348,0x00000000c3d00000)
 Metaspace       used 18196K, capacity 18354K, committed 18560K, reserved 1064960K
  class space    used 2325K, capacity 2380K, committed 2432K, reserved 1048576K
Event: 6.228 GC heap after
Heap after GC invocations=8 (full 0):
 PSYoungGen      total 144384K, used 128K [0x00000000eb100000, 0x00000000f4c00000, 0x0000000100000000)
  eden space 131072K, 0% used [0x00000000eb100000,0x00000000eb100000,0x00000000f3100000)
  from space 13312K, 0% used [0x00000000f3f00000,0x00000000f3f20000,0x00000000f4c00000)
  to   space 13824K, 0% used [0x00000000f3100000,0x00000000f3100000,0x00000000f3e80000)
 ParOldGen       total 44032K, used 18568K [0x00000000c1200000, 0x00000000c3d00000, 0x00000000eb100000)
  object space 44032K, 42% used [0x00000000c1200000,0x00000000c2422348,0x00000000c3d00000)
 Metaspace       used 18196K, capacity 18354K, committed 18560K, reserved 1064960K
  class space    used 2325K, capacity 2380K, committed 2432K, reserved 1048576K
}
Event: 7.161 GC heap before
{Heap before GC invocations=9 (full 0):
 PSYoungGen      total 144384K, used 131200K [0x00000000eb100000, 0x00000000f4c00000, 0x0000000100000000)
  eden space 131072K, 100% used [0x00000000eb100000,0x00000000f3100000,0x00000000f3100000)
  from space 13312K, 0% used [0x00000000f3f00000,0x00000000f3f20000,0x00000000f4c00000)
  to   space 13824K, 0% used [0x00000000f3100000,0x00000000f3100000,0x00000000f3e80000)
 ParOldGen       total 44032K, used 18568K [0x00000000c1200000, 0x00000000c3d00000, 0x00000000eb100000)
  object space 44032K, 42% used [0x00000000c1200000,0x00000000c2422348,0x00000000c3d00000)
 Metaspace       used 18368K, capacity 18514K, committed 18816K, reserved 1064960K
  class space    used 2348K, capacity 2412K, committed 2432K, reserved 1048576K
Event: 7.162 GC heap after
Heap after GC invocations=9 (full 0):
 PSYoungGen      total 144896K, used 128K [0x00000000eb100000, 0x00000000f4c00000, 0x0000000100000000)
  eden space 131072K, 0% used [0x00000000eb100000,0x00000000eb100000,0x00000000f3100000)
  from space 13824K, 0% used [0x00000000f3100000,0x00000000f3120000,0x00000000f3e80000)
  to   space 13312K, 0% used [0x00000000f3f00000,0x00000000f3f00000,0x00000000f4c00000)
 ParOldGen       total 44032K, used 18592K [0x00000000c1200000, 0x00000000c3d00000, 0x00000000eb100000)
  object space 44032K, 42% used [0x00000000c1200000,0x00000000c2428348,0x00000000c3d00000)
 Metaspace       used 18368K, capacity 18514K, committed 18816K, reserved 1064960K
  class space    used 2348K, capacity 2412K, committed 2432K, reserved 1048576K
}
Event: 8.174 GC heap before
{Heap before GC invocations=10 (full 0):
 PSYoungGen      total 144896K, used 131200K [0x00000000eb100000, 0x00000000f4c00000, 0x0000000100000000)
  eden space 131072K, 100% used [0x00000000eb100000,0x00000000f3100000,0x00000000f3100000)
  from space 13824K, 0% used [0x00000000f3100000,0x00000000f3120000,0x00000000f3e80000)
  to   space 13312K, 0% used [0x00000000f3f00000,0x00000000f3f00000,0x00000000f4c00000)
 ParOldGen       total 44032K, used 18592K [0x00000000c1200000, 0x00000000c3d00000, 0x00000000eb100000)
  object space 44032K, 42% used [0x00000000c1200000,0x00000000c2428348,0x00000000c3d00000)
 Metaspace       used 18416K, capacity 18578K, committed 18816K, reserved 1064960K
  class space    used 2349K, capacity 2412K, committed 2432K, reserved 1048576K
Event: 8.176 GC heap after
Heap after GC invocations=10 (full 0):
 PSYoungGen      total 132096K, used 224K [0x00000000eb100000, 0x00000000f4580000, 0x0000000100000000)
  eden space 125440K, 0% used [0x00000000eb100000,0x00000000eb100000,0x00000000f2b80000)
  from space 6656K, 3% used [0x00000000f3f00000,0x00000000f3f38000,0x00000000f4580000)
  to   space 13312K, 0% used [0x00000000f2b80000,0x00000000f2b80000,0x00000000f3880000)
 ParOldGen       total 44032K, used 18600K [0x00000000c1200000, 0x00000000c3d00000, 0x00000000eb100000)
  object space 44032K, 42% used [0x00000000c1200000,0x00000000c242a348,0x00000000c3d00000)
 Metaspace       used 18416K, capacity 18578K, committed 18816K, reserved 1064960K
  class space    used 2349K, capacity 2412K, committed 2432K, reserved 1048576K
}
Event: 9.102 GC heap before
{Heap before GC invocations=11 (full 0):
 PSYoungGen      total 132096K, used 125664K [0x00000000eb100000, 0x00000000f4580000, 0x0000000100000000)
  eden space 125440K, 100% used [0x00000000eb100000,0x00000000f2b80000,0x00000000f2b80000)
  from space 6656K, 3% used [0x00000000f3f00000,0x00000000f3f38000,0x00000000f4580000)
  to   space 13312K, 0% used [0x00000000f2b80000,0x00000000f2b80000,0x00000000f3880000)
 ParOldGen       total 44032K, used 18600K [0x00000000c1200000, 0x00000000c3d00000, 0x00000000eb100000)
  object space 44032K, 42% used [0x00000000c1200000,0x00000000c242a348,0x00000000c3d00000)
 Metaspace       used 18496K, capacity 18642K, committed 18816K, reserved 1064960K
  class space    used 2349K, capacity 2412K, committed 2432K, reserved 1048576K
Event: 9.103 GC heap after
Heap after GC invocations=11 (full 0):
 PSYoungGen      total 120832K, used 96K [0x00000000eb100000, 0x00000000f3f80000, 0x0000000100000000)
  eden space 120320K, 0% used [0x00000000eb100000,0x00000000eb100000,0x00000000f2680000)
  from space 512K, 18% used [0x00000000f2b80000,0x00000000f2b98000,0x00000000f2c00000)
  to   space 12800K, 0% used [0x00000000f3300000,0x00000000f3300000,0x00000000f3f80000)
 ParOldGen       total 44032K, used 18721K [0x00000000c1200000, 0x00000000c3d00000, 0x00000000eb100000)
  object space 44032K, 42% used [0x00000000c1200000,0x00000000c24485e8,0x00000000c3d00000)
 Metaspace       used 18496K, capacity 18642K, committed 18816K, reserved 1064960K
  class space    used 2349K, capacity 2412K, committed 2432K, reserved 1048576K
}
Event: 10.018 GC heap before
{Heap before GC invocations=12 (full 0):
 PSYoungGen      total 120832K, used 120416K [0x00000000eb100000, 0x00000000f3f80000, 0x0000000100000000)
  eden space 120320K, 100% used [0x00000000eb100000,0x00000000f2680000,0x00000000f2680000)
  from space 512K, 18% used [0x00000000f2b80000,0x00000000f2b98000,0x00000000f2c00000)
  to   space 12800K, 0% used [0x00000000f3300000,0x00000000f3300000,0x00000000f3f80000)
 ParOldGen       total 44032K, used 18721K [0x00000000c1200000, 0x00000000c3d00000, 0x00000000eb100000)
  object space 44032K, 42% used [0x00000000c1200000,0x00000000c24485e8,0x00000000c3d00000)
 Metaspace       used 18525K, capacity 18706K, committed 18816K, reserved 1064960K
  class space    used 2350K, capacity 2412K, committed 2432K, reserved 1048576K
Event: 10.020 GC heap after
Heap after GC invocations=12 (full 0):
 PSYoungGen      total 121856K, used 128K [0x00000000eb100000, 0x00000000f3980000, 0x0000000100000000)
  eden space 115200K, 0% used [0x00000000eb100000,0x00000000eb100000,0x00000000f2180000)
  from space 6656K, 1% used [0x00000000f3300000,0x00000000f3320000,0x00000000f3980000)
  to   space 12288K, 0% used [0x00000000f2180000,0x00000000f2180000,0x00000000f2d80000)
 ParOldGen       total 44032K, used 18745K [0x00000000c1200000, 0x00000000c3d00000, 0x00000000eb100000)
  object space 44032K, 42% used [0x00000000c1200000,0x00000000c244e5e8,0x00000000c3d00000)
 Metaspace       used 18525K, capacity 18706K, committed 18816K, reserved 1064960K
  class space    used 2350K, capacity 2412K, committed 2432K, reserved 1048576K
}

