# JRE version: Java(TM) SE Runtime Environment (8.0_131-b11) (build 1.8.0_131-b11)
# Java VM: Java HotSpot(TM) 64-Bit Server VM (25.131-b11 mixed mode windows-amd64 compressed oops)
Heap:
 PSYoungGen      total 179712K, used 176537K [0x00000000eb100000, 0x00000000f6380000, 0x0000000100000000)
  eden space 177664K, 99% used [0x00000000eb100000,0x00000000f5d46570,0x00000000f5e80000)
  from space 2048K, 6% used [0x00000000f6180000,0x00000000f61a0000,0x00000000f6380000)
  to   space 2560K, 0% used [0x00000000f5e80000,0x00000000f5e80000,0x00000000f6100000)
 ParOldGen       total 84480K, used 52091K [0x00000000c1200000, 0x00000000c6480000, 0x00000000eb100000)
  object space 84480K, 61% used [0x00000000c1200000,0x00000000c44dec98,0x00000000c6480000)
 Metaspace       used 20353K, capacity 20696K, committed 20864K, reserved 1067008K
  class space    used 2549K, capacity 2659K, committed 2688K, reserved 1048576K
GC Heap History (10 events):
Event: 1506.401 GC heap before
{Heap before GC invocations=6088 (full 6):
 PSYoungGen      total 157696K, used 154208K [0x00000000eb100000, 0x00000000f5680000, 0x0000000100000000)
  eden space 154112K, 100% used [0x00000000eb100000,0x00000000f4780000,0x00000000f4780000)
  from space 3584K, 2% used [0x00000000f4780000,0x00000000f4798000,0x00000000f4b00000)
  to   space 3584K, 0% used [0x00000000f5300000,0x00000000f5300000,0x00000000f5680000)
 ParOldGen       total 84480K, used 52091K [0x00000000c1200000, 0x00000000c6480000, 0x00000000eb100000)
  object space 84480K, 61% used [0x00000000c1200000,0x00000000c44dec98,0x00000000c6480000)
 Metaspace       used 20328K, capacity 20600K, committed 20864K, reserved 1067008K
  class space    used 2542K, capacity 2627K, committed 2688K, reserved 1048576K
Event: 1506.404 GC heap after
Heap after GC invocations=6088 (full 6):
 PSYoungGen      total 164864K, used 96K [0x00000000eb100000, 0x00000000f5580000, 0x0000000100000000)
  eden space 162304K, 0% used [0x00000000eb100000,0x00000000eb100000,0x00000000f4f80000)
  from space 2560K, 3% used [0x00000000f5300000,0x00000000f5318000,0x00000000f5580000)
  to   space 3072K, 0% used [0x00000000f4f80000,0x00000000f4f80000,0x00000000f5280000)
 ParOldGen       total 84480K, used 52091K [0x00000000c1200000, 0x00000000c6480000, 0x00000000eb100000)
  object space 84480K, 61% used [0x00000000c1200000,0x00000000c44dec98,0x00000000c6480000)
 Metaspace       used 20328K, capacity 20600K, committed 20864K, reserved 1067008K
  class space    used 2542K, capacity 2627K, committed 2688K, reserved 1048576K
}
Event: 1507.600 GC heap before
{Heap before GC invocations=6089 (full 6):
 PSYoungGen      total 164864K, used 162400K [0x00000000eb100000, 0x00000000f5580000, 0x0000000100000000)
  eden space 162304K, 100% used [0x00000000eb100000,0x00000000f4f80000,0x00000000f4f80000)
  from space 2560K, 3% used [0x00000000f5300000,0x00000000f5318000,0x00000000f5580000)
  to   space 3072K, 0% used [0x00000000f4f80000,0x00000000f4f80000,0x00000000f5280000)
 ParOldGen       total 84480K, used 52091K [0x00000000c1200000, 0x00000000c6480000, 0x00000000eb100000)
  object space 84480K, 61% used [0x00000000c1200000,0x00000000c44dec98,0x00000000c6480000)
 Metaspace       used 20328K, capacity 20600K, committed 20864K, reserved 1067008K
  class space    used 2542K, capacity 2627K, committed 2688K, reserved 1048576K
Event: 1507.603 GC heap after
Heap after GC invocations=6089 (full 6):
 PSYoungGen      total 165376K, used 64K [0x00000000eb100000, 0x00000000f5d80000, 0x0000000100000000)
  eden space 162304K, 0% used [0x00000000eb100000,0x00000000eb100000,0x00000000f4f80000)
  from space 3072K, 2% used [0x00000000f4f80000,0x00000000f4f90000,0x00000000f5280000)
  to   space 3072K, 0% used [0x00000000f5a80000,0x00000000f5a80000,0x00000000f5d80000)
 ParOldGen       total 84480K, used 52091K [0x00000000c1200000, 0x00000000c6480000, 0x00000000eb100000)
  object space 84480K, 61% used [0x00000000c1200000,0x00000000c44dec98,0x00000000c6480000)
 Metaspace       used 20328K, capacity 20600K, committed 20864K, reserved 1067008K
  class space    used 2542K, capacity 2627K, committed 2688K, reserved 1048576K
}
Event: 1508.697 GC heap before
{Heap before GC invocations=6090 (full 6):
 PSYoungGen      total 165376K, used 162368K [0x00000000eb100000, 0x00000000f5d80000, 0x0000000100000000)
  eden space 162304K, 100% used [0x00000000eb100000,0x00000000f4f80000,0x00000000f4f80000)
  from space 3072K, 2% used [0x00000000f4f80000,0x00000000f4f90000,0x00000000f5280000)
  to   space 3072K, 0% used [0x00000000f5a80000,0x00000000f5a80000,0x00000000f5d80000)
 ParOldGen       total 84480K, used 52091K [0x00000000c1200000, 0x00000000c6480000, 0x00000000eb100000)
  object space 84480K, 61% used [0x00000000c1200000,0x00000000c44dec98,0x00000000c6480000)
 Metaspace       used 20349K, capacity 20696K, committed 20864K, reserved 1067008K
  class space    used 2549K, capacity 2659K, committed 2688K, reserved 1048576K
Event: 1508.700 GC heap after
Heap after GC invocations=6090 (full 6):
 PSYoungGen      total 171520K, used 128K [0x00000000eb100000, 0x00000000f5c00000, 0x0000000100000000)
  eden space 169984K, 0% used [0x00000000eb100000,0x00000000eb100000,0x00000000f5700000)
  from space 1536K, 8% used [0x00000000f5a80000,0x00000000f5aa0000,0x00000000f5c00000)
  to   space 2560K, 0% used [0x00000000f5700000,0x00000000f5700000,0x00000000f5980000)
 ParOldGen       total 84480K, used 52091K [0x00000000c1200000, 0x00000000c6480000, 0x00000000eb100000)
  object space 84480K, 61% used [0x00000000c1200000,0x00000000c44dec98,0x00000000c6480000)
 Metaspace       used 20349K, capacity 20696K, committed 20864K, reserved 1067008K
  class space    used 2549K, capacity 2659K, committed 2688K, reserved 1048576K
}
Event: 1509.807 GC heap before
{Heap before GC invocations=6091 (full 6):
 PSYoungGen      total 171520K, used 170112K [0x00000000eb100000, 0x00000000f5c00000, 0x0000000100000000)
  eden space 169984K, 100% used [0x00000000eb100000,0x00000000f5700000,0x00000000f5700000)
  from space 1536K, 8% used [0x00000000f5a80000,0x00000000f5aa0000,0x00000000f5c00000)
  to   space 2560K, 0% used [0x00000000f5700000,0x00000000f5700000,0x00000000f5980000)
 ParOldGen       total 84480K, used 52091K [0x00000000c1200000, 0x00000000c6480000, 0x00000000eb100000)
  object space 84480K, 61% used [0x00000000c1200000,0x00000000c44dec98,0x00000000c6480000)
 Metaspace       used 20349K, capacity 20696K, committed 20864K, reserved 1067008K
  class space    used 2549K, capacity 2659K, committed 2688K, reserved 1048576K
Event: 1509.809 GC heap after
Heap after GC invocations=6091 (full 6):
 PSYoungGen      total 172544K, used 128K [0x00000000eb100000, 0x00000000f6400000, 0x0000000100000000)
  eden space 169984K, 0% used [0x00000000eb100000,0x00000000eb100000,0x00000000f5700000)
  from space 2560K, 5% used [0x00000000f5700000,0x00000000f5720000,0x00000000f5980000)
  to   space 2560K, 0% used [0x00000000f6180000,0x00000000f6180000,0x00000000f6400000)
 ParOldGen       total 84480K, used 52091K [0x00000000c1200000, 0x00000000c6480000, 0x00000000eb100000)
  object space 84480K, 61% used [0x00000000c1200000,0x00000000c44dec98,0x00000000c6480000)
 Metaspace       used 20349K, capacity 20696K, committed 20864K, reserved 1067008K
  class space    used 2549K, capacity 2659K, committed 2688K, reserved 1048576K
}
Event: 1511.019 GC heap before
{Heap before GC invocations=6092 (full 6):
 PSYoungGen      total 172544K, used 170112K [0x00000000eb100000, 0x00000000f6400000, 0x0000000100000000)
  eden space 169984K, 100% used [0x00000000eb100000,0x00000000f5700000,0x00000000f5700000)
  from space 2560K, 5% used [0x00000000f5700000,0x00000000f5720000,0x00000000f5980000)
  to   space 2560K, 0% used [0x00000000f6180000,0x00000000f6180000,0x00000000f6400000)
 ParOldGen       total 84480K, used 52091K [0x00000000c1200000, 0x00000000c6480000, 0x00000000eb100000)
  object space 84480K, 61% used [0x00000000c1200000,0x00000000c44dec98,0x00000000c6480000)
 Metaspace       used 20349K, capacity 20696K, committed 20864K, reserved 1067008K
  class space    used 2549K, capacity 2659K, committed 2688K, reserved 1048576K
Event: 1511.022 GC heap after
Heap after GC invocations=6092 (full 6):
 PSYoungGen      total 179712K, used 128K [0x00000000eb100000, 0x00000000f6380000, 0x0000000100000000)
  eden space 177664K, 0% used [0x00000000eb100000,0x00000000eb100000,0x00000000f5e80000)
  from space 2048K, 6% used [0x00000000f6180000,0x00000000f61a0000,0x00000000f6380000)
  to   space 2560K, 0% used [0x00000000f5e80000,0x00000000f5e80000,0x00000000f6100000)
 ParOldGen       total 84480K, used 52091K [0x00000000c1200000, 0x00000000c6480000, 0x00000000eb100000)
  object space 84480K, 61% used [0x00000000c1200000,0x00000000c44dec98,0x00000000c6480000)
 Metaspace       used 20349K, capacity 20696K, committed 20864K, reserved 1067008K
  class space    used 2549K, capacity 2659K, committed 2688K, reserved 1048576K
}

